#
# There is insufficient memory for the Java Runtime Environment to continue.
# Native memory allocation (malloc) failed to allocate 1220752 bytes for Chunk::new
# Possible reasons:
#   The system is out of physical RAM or swap space
#   The process is running with CompressedOops enabled, and the Java Heap may be blocking the growth of the native heap
# Possible solutions:
#   Reduce memory load on the system
#   Increase physical memory or swap space
#   Check if swap backing store is full
#   Decrease Java heap size (-Xmx/-Xms)
#   Decrease number of Java threads
#   Decrease Java thread stack sizes (-Xss)
#   Set larger code cache with -XX:ReservedCodeCacheSize=
#   JVM is running with Unscaled Compressed Oops mode in which the Java heap is
#     placed in the first 4GB address space. The Java Heap base address is the
#     maximum limit for the native heap growth. Please use -XX:HeapBaseMinAddress
#     to set the Java Heap base and to place the Java Heap above 4GB virtual address.
# This output file may be truncated or incomplete.
#
#  Out of Memory Error (arena.cpp:189), pid=15488, tid=2884
#
# JRE version: Java(TM) SE Runtime Environment (17.0.12+8) (build 17.0.12+8-LTS-286)
# Java VM: Java HotSpot(TM) 64-Bit Server VM (17.0.12+8-LTS-286, mixed mode, sharing, tiered, compressed oops, compressed class ptrs, g1 gc, windows-amd64)
# No core dump will be written. Minidumps are not enabled by default on client versions of Windows
#

---------------  S U M M A R Y ------------

Command Line: -Dclassworlds.conf=C:\Program Files\maven\apache-maven-3.9.5\bin\m2.conf -Dmaven.home=C:\Program Files\maven\apache-maven-3.9.5 -Dlibrary.jansi.path=C:\Program Files\maven\apache-maven-3.9.5\lib\jansi-native -Dmaven.multiModuleProjectDirectory=C:\Users\chenc\Desktop\4156\project\Finalproject\teamproject org.codehaus.plexus.classworlds.launcher.Launcher spring-boot:run -Dspring-boot.run.arguments=setup

Host: AMD Ryzen 3 5300U with Radeon Graphics         , 8 cores, 3G,  Windows 11 , 64 bit Build 22621 (10.0.22621.3958)
Time: Sat Oct 12 20:53:16 2024 Eastern Daylight Time elapsed time: 6.293301 seconds (0d 0h 0m 6s)

---------------  T H R E A D  ---------------

Current thread (0x000001b03b3a9e20):  JavaThread "C2 CompilerThread0" daemon [_thread_in_native, id=2884, stack(0x000000785d400000,0x000000785d500000)]


Current CompileTask:
C2:   6293 3586       4       org.codehaus.plexus.util.xml.Xpp3Dom::<init> (125 bytes)

Stack: [0x000000785d400000,0x000000785d500000]
Native frames: (J=compiled Java code, j=interpreted, Vv=VM code, C=native code)
V  [jvm.dll+0x67a04a]
V  [jvm.dll+0x7da4ed]
V  [jvm.dll+0x7dbe33]
V  [jvm.dll+0x7dc4a3]
V  [jvm.dll+0x24508f]
V  [jvm.dll+0xab773]
V  [jvm.dll+0xabd3c]
V  [jvm.dll+0x361bee]
V  [jvm.dll+0x32c431]
V  [jvm.dll+0x32b8ca]
V  [jvm.dll+0x21683f]
V  [jvm.dll+0x215c6f]
V  [jvm.dll+0x1a2960]
V  [jvm.dll+0x22610b]
V  [jvm.dll+0x2242ab]
V  [jvm.dll+0x79075c]
V  [jvm.dll+0x78abea]
V  [jvm.dll+0x678f35]
C  [ucrtbase.dll+0x29333]
C  [KERNEL32.DLL+0x1257d]
C  [ntdll.dll+0x5af08]


---------------  P R O C E S S  ---------------

Threads class SMR info:
_java_thread_list=0x000001b03b5eff70, length=12, elements={
0x000001b01fdf62e0, 0x000001b01feaa9d0, 0x000001b01feabff0, 0x000001b03b3a3fe0,
0x000001b03b3a7150, 0x000001b03b3a7b10, 0x000001b03b3a8c70, 0x000001b03b3a9e20,
0x000001b03b3ae570, 0x000001b03b3b3ed0, 0x000001b03b61aa40, 0x000001b03b621b90
}

Java Threads: ( => current thread )
  0x000001b01fdf62e0 JavaThread "main" [_thread_in_Java, id=15132, stack(0x000000785c700000,0x000000785c800000)]
  0x000001b01feaa9d0 JavaThread "Reference Handler" daemon [_thread_blocked, id=20544, stack(0x000000785ce00000,0x000000785cf00000)]
  0x000001b01feabff0 JavaThread "Finalizer" daemon [_thread_blocked, id=3304, stack(0x000000785cf00000,0x000000785d000000)]
  0x000001b03b3a3fe0 JavaThread "Signal Dispatcher" daemon [_thread_blocked, id=8016, stack(0x000000785d000000,0x000000785d100000)]
  0x000001b03b3a7150 JavaThread "Attach Listener" daemon [_thread_blocked, id=9940, stack(0x000000785d100000,0x000000785d200000)]
  0x000001b03b3a7b10 JavaThread "Service Thread" daemon [_thread_blocked, id=9396, stack(0x000000785d200000,0x000000785d300000)]
  0x000001b03b3a8c70 JavaThread "Monitor Deflation Thread" daemon [_thread_blocked, id=6692, stack(0x000000785d300000,0x000000785d400000)]
=>0x000001b03b3a9e20 JavaThread "C2 CompilerThread0" daemon [_thread_in_native, id=2884, stack(0x000000785d400000,0x000000785d500000)]
  0x000001b03b3ae570 JavaThread "C1 CompilerThread0" daemon [_thread_in_native, id=8476, stack(0x000000785d500000,0x000000785d600000)]
  0x000001b03b3b3ed0 JavaThread "Sweeper thread" daemon [_thread_blocked, id=14376, stack(0x000000785d600000,0x000000785d700000)]
  0x000001b03b61aa40 JavaThread "Notification Thread" daemon [_thread_blocked, id=5300, stack(0x000000785d700000,0x000000785d800000)]
  0x000001b03b621b90 JavaThread "Common-Cleaner" daemon [_thread_blocked, id=12984, stack(0x000000785d900000,0x000000785da00000)]

Other Threads:
  0x000001b01fea4620 VMThread "VM Thread" [stack: 0x000000785cd00000,0x000000785ce00000] [id=1924]
  0x000001b03b620f40 WatcherThread [stack: 0x000000785d800000,0x000000785d900000] [id=20000]
  0x000001b01fe2bb50 GCTaskThread "GC Thread#0" [stack: 0x000000785c800000,0x000000785c900000] [id=12692]
  0x000001b07d888390 GCTaskThread "GC Thread#1" [stack: 0x000000785da00000,0x000000785db00000] [id=13548]
  0x000001b07d55c850 GCTaskThread "GC Thread#2" [stack: 0x000000785db00000,0x000000785dc00000] [id=1432]
  0x000001b07d55cb10 GCTaskThread "GC Thread#3" [stack: 0x000000785dc00000,0x000000785dd00000] [id=15172]
  0x000001b07d621a30 GCTaskThread "GC Thread#4" [stack: 0x000000785dd00000,0x000000785de00000] [id=21336]
  0x000001b07d779020 GCTaskThread "GC Thread#5" [stack: 0x000000785de00000,0x000000785df00000] [id=6976]
  0x000001b07d779b00 GCTaskThread "GC Thread#6" [stack: 0x000000785df00000,0x000000785e000000] [id=20152]
  0x000001b07d77a3d0 GCTaskThread "GC Thread#7" [stack: 0x000000785e000000,0x000000785e100000] [id=2420]
  0x000001b01fe34e10 ConcurrentGCThread "G1 Main Marker" [stack: 0x000000785c900000,0x000000785ca00000] [id=9976]
  0x000001b01fe35820 ConcurrentGCThread "G1 Conc#0" [stack: 0x000000785ca00000,0x000000785cb00000] [id=19136]
  0x000001b01fe84ab0 ConcurrentGCThread "G1 Refine#0" [stack: 0x000000785cb00000,0x000000785cc00000] [id=10976]
  0x000001b01fe854e0 ConcurrentGCThread "G1 Service" [stack: 0x000000785cc00000,0x000000785cd00000] [id=12268]

Threads with active compile tasks:
C2 CompilerThread0     6329 3586       4       org.codehaus.plexus.util.xml.Xpp3Dom::<init> (125 bytes)
C1 CompilerThread0     6329 3700       3       org.eclipse.aether.artifact.AbstractArtifact::equals (139 bytes)

VM state: not at safepoint (normal execution)

VM Mutex/Monitor currently owned by a thread: None

Heap address: 0x00000000ca200000, size: 862 MB, Compressed Oops mode: 32-bit

CDS archive(s) mapped at: [0x000001b03c000000-0x000001b03cbd0000-0x000001b03cbd0000), size 12386304, SharedBaseAddress: 0x000001b03c000000, ArchiveRelocationMode: 1.
Compressed class space mapped at: 0x000001b03d000000-0x000001b07d000000, reserved size: 1073741824
Narrow klass base: 0x000001b03c000000, Narrow klass shift: 0, Narrow klass range: 0x100000000

GC Precious Log:
 CPUs: 8 total, 8 available
 Memory: 3446M
 Large Page Support: Disabled
 NUMA Support: Disabled
 Compressed Oops: Enabled (32-bit)
 Heap Region Size: 1M
 Heap Min Capacity: 8M
 Heap Initial Capacity: 54M
 Heap Max Capacity: 862M
 Pre-touch: Disabled
 Parallel Workers: 8
 Concurrent Workers: 2
 Concurrent Refinement Workers: 8
 Periodic GC: Disabled

Heap:
 garbage-first heap   total 55296K, used 28908K [0x00000000ca200000, 0x0000000100000000)
  region size 1024K, 23 young (23552K), 4 survivors (4096K)
 Metaspace       used 15436K, committed 15616K, reserved 1114112K
  class space    used 1833K, committed 1920K, reserved 1048576K

Heap Regions: E=young(eden), S=young(survivor), O=old, HS=humongous(starts), HC=humongous(continues), CS=collection set, F=free, OA=open archive, CA=closed archive, TAMS=top-at-mark-start (previous, next)
|   0|0x00000000ca200000, 0x00000000ca300000, 0x00000000ca300000|100%| O|  |TAMS 0x00000000ca200000, 0x00000000ca200000| Untracked 
|   1|0x00000000ca300000, 0x00000000ca400000, 0x00000000ca400000|100%| O|  |TAMS 0x00000000ca300000, 0x00000000ca300000| Untracked 
|   2|0x00000000ca400000, 0x00000000ca500000, 0x00000000ca500000|100%| O|  |TAMS 0x00000000ca400000, 0x00000000ca400000| Untracked 
|   3|0x00000000ca500000, 0x00000000ca600000, 0x00000000ca600000|100%| O|  |TAMS 0x00000000ca500000, 0x00000000ca500000| Untracked 
|   4|0x00000000ca600000, 0x00000000ca700000, 0x00000000ca700000|100%| O|  |TAMS 0x00000000ca600000, 0x00000000ca600000| Untracked 
|   5|0x00000000ca700000, 0x00000000ca800000, 0x00000000ca800000|100%| O|  |TAMS 0x00000000ca700000, 0x00000000ca700000| Untracked 
|   6|0x00000000ca800000, 0x00000000ca900000, 0x00000000ca900000|100%| O|  |TAMS 0x00000000ca800000, 0x00000000ca800000| Untracked 
|   7|0x00000000ca900000, 0x00000000ca948400, 0x00000000caa00000| 28%| O|  |TAMS 0x00000000ca900000, 0x00000000ca900000| Untracked 
|   8|0x00000000caa00000, 0x00000000caa00000, 0x00000000cab00000|  0%| F|  |TAMS 0x00000000caa00000, 0x00000000caa00000| Untracked 
|   9|0x00000000cab00000, 0x00000000cab00000, 0x00000000cac00000|  0%| F|  |TAMS 0x00000000cab00000, 0x00000000cab00000| Untracked 
|  10|0x00000000cac00000, 0x00000000cac00000, 0x00000000cad00000|  0%| F|  |TAMS 0x00000000cac00000, 0x00000000cac00000| Untracked 
|  11|0x00000000cad00000, 0x00000000cad00000, 0x00000000cae00000|  0%| F|  |TAMS 0x00000000cad00000, 0x00000000cad00000| Untracked 
|  12|0x00000000cae00000, 0x00000000cae00000, 0x00000000caf00000|  0%| F|  |TAMS 0x00000000cae00000, 0x00000000cae00000| Untracked 
|  13|0x00000000caf00000, 0x00000000caf00000, 0x00000000cb000000|  0%| F|  |TAMS 0x00000000caf00000, 0x00000000caf00000| Untracked 
|  14|0x00000000cb000000, 0x00000000cb000000, 0x00000000cb100000|  0%| F|  |TAMS 0x00000000cb000000, 0x00000000cb000000| Untracked 
|  15|0x00000000cb100000, 0x00000000cb100000, 0x00000000cb200000|  0%| F|  |TAMS 0x00000000cb100000, 0x00000000cb100000| Untracked 
|  16|0x00000000cb200000, 0x00000000cb200000, 0x00000000cb300000|  0%| F|  |TAMS 0x00000000cb200000, 0x00000000cb200000| Untracked 
|  17|0x00000000cb300000, 0x00000000cb300000, 0x00000000cb400000|  0%| F|  |TAMS 0x00000000cb300000, 0x00000000cb300000| Untracked 
|  18|0x00000000cb400000, 0x00000000cb400000, 0x00000000cb500000|  0%| F|  |TAMS 0x00000000cb400000, 0x00000000cb400000| Untracked 
|  19|0x00000000cb500000, 0x00000000cb5f2eb0, 0x00000000cb600000| 94%| S|CS|TAMS 0x00000000cb500000, 0x00000000cb500000| Complete 
|  20|0x00000000cb600000, 0x00000000cb700000, 0x00000000cb700000|100%| S|CS|TAMS 0x00000000cb600000, 0x00000000cb600000| Complete 
|  21|0x00000000cb700000, 0x00000000cb800000, 0x00000000cb800000|100%| S|CS|TAMS 0x00000000cb700000, 0x00000000cb700000| Complete 
|  22|0x00000000cb800000, 0x00000000cb900000, 0x00000000cb900000|100%| S|CS|TAMS 0x00000000cb800000, 0x00000000cb800000| Complete 
|  23|0x00000000cb900000, 0x00000000cb900000, 0x00000000cba00000|  0%| F|  |TAMS 0x00000000cb900000, 0x00000000cb900000| Untracked 
|  24|0x00000000cba00000, 0x00000000cba00000, 0x00000000cbb00000|  0%| F|  |TAMS 0x00000000cba00000, 0x00000000cba00000| Untracked 
|  25|0x00000000cbb00000, 0x00000000cbb00000, 0x00000000cbc00000|  0%| F|  |TAMS 0x00000000cbb00000, 0x00000000cbb00000| Untracked 
|  26|0x00000000cbc00000, 0x00000000cbc00000, 0x00000000cbd00000|  0%| F|  |TAMS 0x00000000cbc00000, 0x00000000cbc00000| Untracked 
|  27|0x00000000cbd00000, 0x00000000cbd00000, 0x00000000cbe00000|  0%| F|  |TAMS 0x00000000cbd00000, 0x00000000cbd00000| Untracked 
|  28|0x00000000cbe00000, 0x00000000cbe00000, 0x00000000cbf00000|  0%| F|  |TAMS 0x00000000cbe00000, 0x00000000cbe00000| Untracked 
|  29|0x00000000cbf00000, 0x00000000cbf00000, 0x00000000cc000000|  0%| F|  |TAMS 0x00000000cbf00000, 0x00000000cbf00000| Untracked 
|  30|0x00000000cc000000, 0x00000000cc000000, 0x00000000cc100000|  0%| F|  |TAMS 0x00000000cc000000, 0x00000000cc000000| Untracked 
|  31|0x00000000cc100000, 0x00000000cc100000, 0x00000000cc200000|  0%| F|  |TAMS 0x00000000cc100000, 0x00000000cc100000| Untracked 
|  32|0x00000000cc200000, 0x00000000cc200000, 0x00000000cc300000|  0%| F|  |TAMS 0x00000000cc200000, 0x00000000cc200000| Untracked 
|  33|0x00000000cc300000, 0x00000000cc300000, 0x00000000cc400000|  0%| F|  |TAMS 0x00000000cc300000, 0x00000000cc300000| Untracked 
|  34|0x00000000cc400000, 0x00000000cc400000, 0x00000000cc500000|  0%| F|  |TAMS 0x00000000cc400000, 0x00000000cc400000| Untracked 
|  35|0x00000000cc500000, 0x00000000cc5fdb48, 0x00000000cc600000| 99%| E|  |TAMS 0x00000000cc500000, 0x00000000cc500000| Complete 
|  36|0x00000000cc600000, 0x00000000cc700000, 0x00000000cc700000|100%| E|CS|TAMS 0x00000000cc600000, 0x00000000cc600000| Complete 
|  37|0x00000000cc700000, 0x00000000cc800000, 0x00000000cc800000|100%| E|CS|TAMS 0x00000000cc700000, 0x00000000cc700000| Complete 
|  38|0x00000000cc800000, 0x00000000cc900000, 0x00000000cc900000|100%| E|CS|TAMS 0x00000000cc800000, 0x00000000cc800000| Complete 
|  39|0x00000000cc900000, 0x00000000cca00000, 0x00000000cca00000|100%| E|CS|TAMS 0x00000000cc900000, 0x00000000cc900000| Complete 
|  40|0x00000000cca00000, 0x00000000ccb00000, 0x00000000ccb00000|100%| E|CS|TAMS 0x00000000cca00000, 0x00000000cca00000| Complete 
|  41|0x00000000ccb00000, 0x00000000ccc00000, 0x00000000ccc00000|100%| E|CS|TAMS 0x00000000ccb00000, 0x00000000ccb00000| Complete 
|  42|0x00000000ccc00000, 0x00000000ccd00000, 0x00000000ccd00000|100%| E|CS|TAMS 0x00000000ccc00000, 0x00000000ccc00000| Complete 
|  43|0x00000000ccd00000, 0x00000000cce00000, 0x00000000cce00000|100%| E|CS|TAMS 0x00000000ccd00000, 0x00000000ccd00000| Complete 
|  44|0x00000000cce00000, 0x00000000ccf00000, 0x00000000ccf00000|100%| E|CS|TAMS 0x00000000cce00000, 0x00000000cce00000| Complete 
|  45|0x00000000ccf00000, 0x00000000cd000000, 0x00000000cd000000|100%| E|  |TAMS 0x00000000ccf00000, 0x00000000ccf00000| Complete 
|  46|0x00000000cd000000, 0x00000000cd100000, 0x00000000cd100000|100%| E|CS|TAMS 0x00000000cd000000, 0x00000000cd000000| Complete 
|  47|0x00000000cd100000, 0x00000000cd200000, 0x00000000cd200000|100%| E|CS|TAMS 0x00000000cd100000, 0x00000000cd100000| Complete 
|  48|0x00000000cd200000, 0x00000000cd300000, 0x00000000cd300000|100%| E|CS|TAMS 0x00000000cd200000, 0x00000000cd200000| Complete 
|  49|0x00000000cd300000, 0x00000000cd400000, 0x00000000cd400000|100%| E|CS|TAMS 0x00000000cd300000, 0x00000000cd300000| Complete 
|  50|0x00000000cd400000, 0x00000000cd500000, 0x00000000cd500000|100%| E|CS|TAMS 0x00000000cd400000, 0x00000000cd400000| Complete 
|  51|0x00000000cd500000, 0x00000000cd600000, 0x00000000cd600000|100%| E|CS|TAMS 0x00000000cd500000, 0x00000000cd500000| Complete 
|  52|0x00000000cd600000, 0x00000000cd700000, 0x00000000cd700000|100%| E|CS|TAMS 0x00000000cd600000, 0x00000000cd600000| Complete 
|  53|0x00000000cd700000, 0x00000000cd800000, 0x00000000cd800000|100%| E|CS|TAMS 0x00000000cd700000, 0x00000000cd700000| Complete 

Card table byte_map: [0x000001b036b90000,0x000001b036d40000] _byte_map_base: 0x000001b03653f000

Marking Bits (Prev, Next): (CMBitMap*) 0x000001b01fe2c170, (CMBitMap*) 0x000001b01fe2c1b0
 Prev Bits: [0x000001b036ef0000, 0x000001b037c68000)
 Next Bits: [0x000001b037c70000, 0x000001b0389e8000)

Polling page: 0x000001b01f5c0000

Metaspace:

Usage:
  Non-class:     13.28 MB used.
      Class:      1.79 MB used.
       Both:     15.08 MB used.

Virtual space:
  Non-class space:       64.00 MB reserved,      13.38 MB ( 21%) committed,  1 nodes.
      Class space:        1.00 GB reserved,       1.88 MB ( <1%) committed,  1 nodes.
             Both:        1.06 GB reserved,      15.25 MB (  1%) committed. 

Chunk freelists:
   Non-Class:  1.99 MB
       Class:  13.98 MB
        Both:  15.97 MB

MaxMetaspaceSize: unlimited
CompressedClassSpaceSize: 1.00 GB
Initial GC threshold: 21.00 MB
Current GC threshold: 21.00 MB
CDS: on
MetaspaceReclaimPolicy: balanced
 - commit_granule_bytes: 65536.
 - commit_granule_words: 8192.
 - virtual_space_node_default_size: 8388608.
 - enlarge_chunks_in_place: 1.
 - new_chunks_are_fully_committed: 0.
 - uncommit_free_chunks: 1.
 - use_allocation_guard: 0.
 - handle_deallocations: 1.


Internal statistics:

num_allocs_failed_limit: 0.
num_arena_births: 86.
num_arena_deaths: 0.
num_vsnodes_births: 2.
num_vsnodes_deaths: 0.
num_space_committed: 244.
num_space_uncommitted: 0.
num_chunks_returned_to_freelist: 0.
num_chunks_taken_from_freelist: 617.
num_chunk_merges: 0.
num_chunk_splits: 423.
num_chunks_enlarged: 346.
num_inconsistent_stats: 0.

CodeHeap 'non-profiled nmethods': size=120000Kb used=1506Kb max_used=1506Kb free=118493Kb
 bounds [0x000001b02f180000, 0x000001b02f3f0000, 0x000001b0366b0000]
CodeHeap 'profiled nmethods': size=120000Kb used=7550Kb max_used=7550Kb free=112449Kb
 bounds [0x000001b0276b0000, 0x000001b027e10000, 0x000001b02ebe0000]
CodeHeap 'non-nmethods': size=5760Kb used=1179Kb max_used=1205Kb free=4580Kb
 bounds [0x000001b02ebe0000, 0x000001b02ee50000, 0x000001b02f180000]
 total_blobs=4166 nmethods=3693 adapters=385
 compilation: enabled
              stopped_count=0, restarted_count=0
 full_count=0

Compilation events (20 events):
Event: 6.273 Thread 0x000001b03b3ae570 3656       1       org.apache.maven.model.DistributionManagement::getSite (5 bytes)
Event: 6.273 Thread 0x000001b03b3ae570 nmethod 3656 0x000001b02f2f5f90 code [0x000001b02f2f6120, 0x000001b02f2f61f8]
Event: 6.273 Thread 0x000001b03b3ae570 3657       3       org.apache.maven.model.merge.ModelMerger::getRepositoryKey (6 bytes)
Event: 6.273 Thread 0x000001b03b3ae570 nmethod 3657 0x000001b027dfdb90 code [0x000001b027dfdd40, 0x000001b027dfdf08]
Event: 6.273 Thread 0x000001b03b3ae570 3658       3       org.apache.maven.model.merge.MavenModelMerger::getRepositoryBaseKey (5 bytes)
Event: 6.273 Thread 0x000001b03b3ae570 nmethod 3658 0x000001b027dfdf90 code [0x000001b027dfe120, 0x000001b027dfe2d8]
Event: 6.273 Thread 0x000001b03b3ae570 3659       1       org.apache.maven.model.ReportPlugin::setVersion (6 bytes)
Event: 6.274 Thread 0x000001b03b3ae570 nmethod 3659 0x000001b02f2f6290 code [0x000001b02f2f6420, 0x000001b02f2f6538]
Event: 6.274 Thread 0x000001b03b3ae570 3660       1       org.apache.maven.model.PluginConfiguration::setPluginManagement (6 bytes)
Event: 6.274 Thread 0x000001b03b3ae570 nmethod 3660 0x000001b02f2f6590 code [0x000001b02f2f6720, 0x000001b02f2f6838]
Event: 6.274 Thread 0x000001b03b3ae570 3661       3       java.lang.Class::arrayContentsEq (70 bytes)
Event: 6.274 Thread 0x000001b03b3ae570 nmethod 3661 0x000001b027dfe390 code [0x000001b027dfe560, 0x000001b027dfe9d8]
Event: 6.275 Thread 0x000001b03b3ae570 3663       1       org.apache.maven.model.Organization::getName (5 bytes)
Event: 6.276 Thread 0x000001b03b3ae570 nmethod 3663 0x000001b02f2f6890 code [0x000001b02f2f6a20, 0x000001b02f2f6af8]
Event: 6.277 Thread 0x000001b03b3ae570 3664       3       java.util.ArrayList::contains (14 bytes)
Event: 6.277 Thread 0x000001b03b3ae570 nmethod 3664 0x000001b027dfeb10 code [0x000001b027dfecc0, 0x000001b027dfefc8]
Event: 6.277 Thread 0x000001b03b3ae570 3665       3       java.util.ArrayList::indexOf (11 bytes)
Event: 6.277 Thread 0x000001b03b3ae570 nmethod 3665 0x000001b027dff090 code [0x000001b027dff220, 0x000001b027dff3e8]
Event: 6.277 Thread 0x000001b03b3ae570 3666       3       org.eclipse.aether.repository.RemoteRepository::hashCode (127 bytes)
Event: 6.278 Thread 0x000001b03b3ae570 nmethod 3666 0x000001b027dff490 code [0x000001b027dff700, 0x000001b027e00218]

GC Heap History (8 events):
Event: 1.606 GC heap before
{Heap before GC invocations=0 (full 0):
 garbage-first heap   total 55296K, used 22528K [0x00000000ca200000, 0x0000000100000000)
  region size 1024K, 23 young (23552K), 0 survivors (0K)
 Metaspace       used 5526K, committed 5696K, reserved 1114112K
  class space    used 661K, committed 768K, reserved 1048576K
}
Event: 1.619 GC heap after
{Heap after GC invocations=1 (full 0):
 garbage-first heap   total 55296K, used 3759K [0x00000000ca200000, 0x0000000100000000)
  region size 1024K, 3 young (3072K), 3 survivors (3072K)
 Metaspace       used 5526K, committed 5696K, reserved 1114112K
  class space    used 661K, committed 768K, reserved 1048576K
}
Event: 2.685 GC heap before
{Heap before GC invocations=1 (full 0):
 garbage-first heap   total 55296K, used 26287K [0x00000000ca200000, 0x0000000100000000)
  region size 1024K, 26 young (26624K), 3 survivors (3072K)
 Metaspace       used 8846K, committed 9024K, reserved 1114112K
  class space    used 1065K, committed 1152K, reserved 1048576K
}
Event: 2.694 GC heap after
{Heap after GC invocations=2 (full 0):
 garbage-first heap   total 55296K, used 5000K [0x00000000ca200000, 0x0000000100000000)
  region size 1024K, 2 young (2048K), 2 survivors (2048K)
 Metaspace       used 8846K, committed 9024K, reserved 1114112K
  class space    used 1065K, committed 1152K, reserved 1048576K
}
Event: 4.298 GC heap before
{Heap before GC invocations=2 (full 0):
 garbage-first heap   total 55296K, used 29576K [0x00000000ca200000, 0x0000000100000000)
  region size 1024K, 27 young (27648K), 2 survivors (2048K)
 Metaspace       used 14041K, committed 14208K, reserved 1114112K
  class space    used 1719K, committed 1792K, reserved 1048576K
}
Event: 4.309 GC heap after
{Heap after GC invocations=3 (full 0):
 garbage-first heap   total 55296K, used 7685K [0x00000000ca200000, 0x0000000100000000)
  region size 1024K, 4 young (4096K), 4 survivors (4096K)
 Metaspace       used 14041K, committed 14208K, reserved 1114112K
  class space    used 1719K, committed 1792K, reserved 1048576K
}
Event: 5.619 GC heap before
{Heap before GC invocations=3 (full 0):
 garbage-first heap   total 55296K, used 35333K [0x00000000ca200000, 0x0000000100000000)
  region size 1024K, 31 young (31744K), 4 survivors (4096K)
 Metaspace       used 15105K, committed 15232K, reserved 1114112K
  class space    used 1814K, committed 1856K, reserved 1048576K
}
Event: 5.638 GC heap after
{Heap after GC invocations=4 (full 0):
 garbage-first heap   total 55296K, used 11500K [0x00000000ca200000, 0x0000000100000000)
  region size 1024K, 4 young (4096K), 4 survivors (4096K)
 Metaspace       used 15105K, committed 15232K, reserved 1114112K
  class space    used 1814K, committed 1856K, reserved 1048576K
}

Deoptimization events (20 events):
Event: 5.698 Thread 0x000001b01fdf62e0 DEOPT PACKING pc=0x000001b02f28fe74 sp=0x000000785c7fd4d0
Event: 5.698 Thread 0x000001b01fdf62e0 DEOPT UNPACKING pc=0x000001b02ec323a3 sp=0x000000785c7fd3e8 mode 2
Event: 5.698 Thread 0x000001b01fdf62e0 Uncommon trap: trap_request=0xffffff45 fr.pc=0x000001b02f28adf8 relative=0x0000000000000df8
Event: 5.698 Thread 0x000001b01fdf62e0 Uncommon trap: reason=unstable_if action=reinterpret pc=0x000001b02f28adf8 method=java.util.HashMap.putVal(ILjava/lang/Object;Ljava/lang/Object;ZZ)Ljava/lang/Object; @ 94 c2
Event: 5.698 Thread 0x000001b01fdf62e0 DEOPT PACKING pc=0x000001b02f28adf8 sp=0x000000785c7fd3e0
Event: 5.698 Thread 0x000001b01fdf62e0 DEOPT UNPACKING pc=0x000001b02ec323a3 sp=0x000000785c7fd378 mode 2
Event: 5.699 Thread 0x000001b01fdf62e0 Uncommon trap: trap_request=0xffffff45 fr.pc=0x000001b02f221b98 relative=0x0000000000000178
Event: 5.699 Thread 0x000001b01fdf62e0 Uncommon trap: reason=unstable_if action=reinterpret pc=0x000001b02f221b98 method=java.util.HashMap.getNode(Ljava/lang/Object;)Ljava/util/HashMap$Node; @ 66 c2
Event: 5.699 Thread 0x000001b01fdf62e0 DEOPT PACKING pc=0x000001b02f221b98 sp=0x000000785c7fd460
Event: 5.699 Thread 0x000001b01fdf62e0 DEOPT UNPACKING pc=0x000001b02ec323a3 sp=0x000000785c7fd3e0 mode 2
Event: 6.135 Thread 0x000001b01fdf62e0 Uncommon trap: trap_request=0xffffff45 fr.pc=0x000001b02f27b514 relative=0x0000000000000274
Event: 6.135 Thread 0x000001b01fdf62e0 Uncommon trap: reason=unstable_if action=reinterpret pc=0x000001b02f27b514 method=java.util.concurrent.ConcurrentHashMap.get(Ljava/lang/Object;)Ljava/lang/Object; @ 76 c2
Event: 6.135 Thread 0x000001b01fdf62e0 DEOPT PACKING pc=0x000001b02f27b514 sp=0x000000785c7fc3c0
Event: 6.135 Thread 0x000001b01fdf62e0 DEOPT UNPACKING pc=0x000001b02ec323a3 sp=0x000000785c7fc338 mode 2
Event: 6.135 Thread 0x000001b01fdf62e0 Uncommon trap: trap_request=0xffffffde fr.pc=0x000001b02f1b9440 relative=0x0000000000000ea0
Event: 6.135 Thread 0x000001b01fdf62e0 Uncommon trap: reason=class_check action=maybe_recompile pc=0x000001b02f1b9440 method=java.util.concurrent.ConcurrentHashMap.putVal(Ljava/lang/Object;Ljava/lang/Object;Z)Ljava/lang/Object; @ 242 c2
Event: 6.135 Thread 0x000001b01fdf62e0 DEOPT PACKING pc=0x000001b02f1b9440 sp=0x000000785c7fc310
Event: 6.135 Thread 0x000001b01fdf62e0 DEOPT UNPACKING pc=0x000001b02ec323a3 sp=0x000000785c7fc280 mode 2
Event: 6.213 Thread 0x000001b01fdf62e0 DEOPT PACKING pc=0x000001b0278db61f sp=0x000000785c7fc050
Event: 6.213 Thread 0x000001b01fdf62e0 DEOPT UNPACKING pc=0x000001b02ec32b43 sp=0x000000785c7fb500 mode 0

Classes unloaded (0 events):
No events

Classes redefined (0 events):
No events

Internal exceptions (20 events):
Event: 1.231 Thread 0x000001b01fdf62e0 Exception <a 'java/lang/NoSuchMethodError'{0x00000000ccac4b90}: 'java.lang.Object java.lang.invoke.DirectMethodHandle$Holder.invokeInterface(java.lang.Object, java.lang.Object)'> (0x00000000ccac4b90) 
thrown [s\open\src\hotspot\share\interpreter\linkResolver.cpp, line 759]
Event: 1.269 Thread 0x000001b01fdf62e0 Exception <a 'java/lang/NoSuchMethodError'{0x00000000cc96b340}: 'java.lang.Object java.lang.invoke.Invokers$Holder.invokeExact_MT(java.lang.Object, java.lang.Object, java.lang.Object, java.lang.Object, java.lang.Object, java.lang.Object)'> (0x00000000cc96b340) 
thrown [s\open\src\hotspot\share\interpreter\linkResolver.cpp, line 759]
Event: 1.275 Thread 0x000001b01fdf62e0 Exception <a 'java/lang/NoSuchMethodError'{0x00000000cc97ca50}: 'int java.lang.invoke.DirectMethodHandle$Holder.invokeSpecialIFC(java.lang.Object, java.lang.Object, java.lang.Object, java.lang.Object, java.lang.Object)'> (0x00000000cc97ca50) 
thrown [s\open\src\hotspot\share\interpreter\linkResolver.cpp, line 759]
Event: 1.401 Thread 0x000001b01fdf62e0 Exception <a 'java/lang/NoSuchMethodError'{0x00000000cc71b490}: 'java.lang.Object java.lang.invoke.DirectMethodHandle$Holder.newInvokeSpecial(java.lang.Object, java.lang.Object, java.lang.Object, java.lang.Object, java.lang.Object)'> (0x00000000cc71b490) 
thrown [s\open\src\hotspot\share\interpreter\linkResolver.cpp, line 759]
Event: 1.460 Thread 0x000001b01fdf62e0 Exception <a 'java/lang/NoSuchMethodError'{0x00000000cc61d380}: 'int java.lang.invoke.DirectMethodHandle$Holder.invokeStaticInit(java.lang.Object, java.lang.Object)'> (0x00000000cc61d380) 
thrown [s\open\src\hotspot\share\interpreter\linkResolver.cpp, line 759]
Event: 1.475 Thread 0x000001b01fdf62e0 Exception <a 'java/lang/NoClassDefFoundError'{0x00000000cc6549f0}: javax/enterprise/inject/Typed> (0x00000000cc6549f0) 
thrown [s\open\src\hotspot\share\classfile\systemDictionary.cpp, line 245]
Event: 3.119 Thread 0x000001b01fdf62e0 Exception <a 'java/lang/NoSuchMethodError'{0x00000000cd0617f0}: 'void java.lang.invoke.DirectMethodHandle$Holder.invokeStaticInit(java.lang.Object, java.lang.Object, java.lang.Object)'> (0x00000000cd0617f0) 
thrown [s\open\src\hotspot\share\interpreter\linkResolver.cpp, line 759]
Event: 3.131 Thread 0x000001b01fdf62e0 Exception <a 'java/lang/ExceptionInInitializerError'{0x00000000cd08cc98}> (0x00000000cd08cc98) 
thrown [s\open\src\hotspot\share\oops\instanceKlass.cpp, line 1216]
Event: 3.184 Thread 0x000001b01fdf62e0 Implicit null exception at 0x000001b02f1ebeaf to 0x000001b02f1ec00c
Event: 3.190 Thread 0x000001b01fdf62e0 Exception <a 'java/lang/NoSuchMethodError'{0x00000000ccf9a4b0}: 'java.lang.Object java.lang.invoke.Invokers$Holder.invokeExact_MT(java.lang.Object, int, java.lang.Object)'> (0x00000000ccf9a4b0) 
thrown [s\open\src\hotspot\share\interpreter\linkResolver.cpp, line 759]
Event: 3.207 Thread 0x000001b01fdf62e0 Exception <a 'java/lang/NoSuchMethodError'{0x00000000cce0e748}: 'void java.lang.invoke.DirectMethodHandle$Holder.invokeStatic(java.lang.Object, java.lang.Object)'> (0x00000000cce0e748) 
thrown [s\open\src\hotspot\share\interpreter\linkResolver.cpp, line 759]
Event: 3.212 Thread 0x000001b01fdf62e0 Exception <a 'java/lang/NoSuchMethodError'{0x00000000cce1e258}: 'int java.lang.invoke.DirectMethodHandle$Holder.invokeSpecial(java.lang.Object, java.lang.Object, java.lang.Object, java.lang.Object)'> (0x00000000cce1e258) 
thrown [s\open\src\hotspot\share\interpreter\linkResolver.cpp, line 759]
Event: 3.728 Thread 0x000001b01fdf62e0 Exception <a 'java/lang/NoClassDefFoundError'{0x00000000cc618bc0}: com/google/inject/servlet/ServletModuleTargetVisitor> (0x00000000cc618bc0) 
thrown [s\open\src\hotspot\share\classfile\systemDictionary.cpp, line 245]
Event: 3.850 Thread 0x000001b01fdf62e0 Exception <a 'java/lang/NoSuchMethodError'{0x00000000cc5cf0e8}: 'void java.lang.invoke.DirectMethodHandle$Holder.invokeVirtual(java.lang.Object, java.lang.Object)'> (0x00000000cc5cf0e8) 
thrown [s\open\src\hotspot\share\interpreter\linkResolver.cpp, line 759]
Event: 3.926 Thread 0x000001b01fdf62e0 Exception <a 'java/lang/NoSuchMethodError'{0x00000000cc448ce8}: 'java.lang.Object java.lang.invoke.DirectMethodHandle$Holder.invokeStaticInit(java.lang.Object, int, int, int, int)'> (0x00000000cc448ce8) 
thrown [s\open\src\hotspot\share\interpreter\linkResolver.cpp, line 759]
Event: 4.189 Thread 0x000001b01fdf62e0 Implicit null exception at 0x000001b02f1a4772 to 0x000001b02f1a4d3c
Event: 4.190 Thread 0x000001b01fdf62e0 Implicit null exception at 0x000001b02f1bab72 to 0x000001b02f1bb14c
Event: 5.658 Thread 0x000001b01fdf62e0 Implicit null exception at 0x000001b02f2734ab to 0x000001b02f2749e0
Event: 5.658 Thread 0x000001b01fdf62e0 Implicit null exception at 0x000001b02f22376a to 0x000001b02f223934
Event: 5.658 Thread 0x000001b01fdf62e0 Implicit null exception at 0x000001b02f1bf058 to 0x000001b02f1bf0ee

VM Operations (20 events):
Event: 4.000 Executing VM operation: ICBufferFull
Event: 4.000 Executing VM operation: ICBufferFull done
Event: 4.127 Executing VM operation: HandshakeAllThreads
Event: 4.127 Executing VM operation: HandshakeAllThreads done
Event: 4.131 Executing VM operation: HandshakeAllThreads
Event: 4.131 Executing VM operation: HandshakeAllThreads done
Event: 4.233 Executing VM operation: HandshakeAllThreads
Event: 4.233 Executing VM operation: HandshakeAllThreads done
Event: 4.234 Executing VM operation: HandshakeAllThreads
Event: 4.234 Executing VM operation: HandshakeAllThreads done
Event: 4.298 Executing VM operation: G1CollectForAllocation
Event: 4.309 Executing VM operation: G1CollectForAllocation done
Event: 5.311 Executing VM operation: Cleanup
Event: 5.311 Executing VM operation: Cleanup done
Event: 5.619 Executing VM operation: G1CollectForAllocation
Event: 5.639 Executing VM operation: G1CollectForAllocation done
Event: 5.646 Executing VM operation: HandshakeAllThreads
Event: 5.646 Executing VM operation: HandshakeAllThreads done
Event: 6.150 Executing VM operation: ICBufferFull
Event: 6.151 Executing VM operation: ICBufferFull done

Events (20 events):
Event: 4.259 loading class java/util/AbstractMap$2$1
Event: 4.259 loading class java/util/AbstractMap$2$1 done
Event: 4.379 loading class java/lang/Short$ShortCache
Event: 4.380 loading class java/lang/Short$ShortCache done
Event: 4.380 loading class java/lang/Byte$ByteCache
Event: 4.380 loading class java/lang/Byte$ByteCache done
Event: 5.270 loading class java/lang/invoke/MethodHandle$1
Event: 5.271 loading class java/lang/invoke/MethodHandle$1 done
Event: 5.321 loading class java/util/stream/MatchOps$MatchKind
Event: 5.322 loading class java/util/stream/MatchOps$MatchKind done
Event: 5.322 loading class java/util/stream/MatchOps
Event: 5.322 loading class java/util/stream/MatchOps done
Event: 5.322 loading class java/util/stream/MatchOps$MatchOp
Event: 5.322 loading class java/util/stream/MatchOps$MatchOp done
Event: 5.322 loading class java/util/stream/MatchOps$BooleanTerminalSink
Event: 5.323 loading class java/util/stream/MatchOps$BooleanTerminalSink done
Event: 5.323 loading class java/util/stream/MatchOps$1MatchSink
Event: 5.324 loading class java/util/stream/MatchOps$1MatchSink done
Event: 5.377 loading class java/util/LinkedList$LLSpliterator
Event: 5.378 loading class java/util/LinkedList$LLSpliterator done


Dynamic libraries:
0x00007ff707d60000 - 0x00007ff707d70000 	C:\Program Files\Java\jdk-17\bin\java.exe
0x00007ffb171f0000 - 0x00007ffb17407000 	C:\WINDOWS\SYSTEM32\ntdll.dll
0x00007ffb16420000 - 0x00007ffb164e4000 	C:\WINDOWS\System32\KERNEL32.DLL
0x00007ffb145d0000 - 0x00007ffb14987000 	C:\WINDOWS\System32\KERNELBASE.dll
0x00007ffb14ae0000 - 0x00007ffb14bf1000 	C:\WINDOWS\System32\ucrtbase.dll
0x00007ffafc1d0000 - 0x00007ffafc1e9000 	C:\Program Files\Java\jdk-17\bin\jli.dll
0x00007ffb16880000 - 0x00007ffb16932000 	C:\WINDOWS\System32\ADVAPI32.dll
0x00007ffb15b20000 - 0x00007ffb15bc7000 	C:\WINDOWS\System32\msvcrt.dll
0x00007ffb166c0000 - 0x00007ffb16768000 	C:\WINDOWS\System32\sechost.dll
0x00007ffb14990000 - 0x00007ffb149b8000 	C:\WINDOWS\System32\bcrypt.dll
0x00007ffb15390000 - 0x00007ffb154a4000 	C:\WINDOWS\System32\RPCRT4.dll
0x00007ffaf2ce0000 - 0x00007ffaf2cfb000 	C:\Program Files\Java\jdk-17\bin\VCRUNTIME140.dll
0x00007ffb15cd0000 - 0x00007ffb15e7f000 	C:\WINDOWS\System32\USER32.dll
0x00007ffb14500000 - 0x00007ffb14526000 	C:\WINDOWS\System32\win32u.dll
0x00007ffb16850000 - 0x00007ffb16879000 	C:\WINDOWS\System32\GDI32.dll
0x00007ffb149c0000 - 0x00007ffb14ad8000 	C:\WINDOWS\System32\gdi32full.dll
0x00007ffb14530000 - 0x00007ffb145ca000 	C:\WINDOWS\System32\msvcp_win.dll
0x00007ffb03030000 - 0x00007ffb032c3000 	C:\WINDOWS\WinSxS\amd64_microsoft.windows.common-controls_6595b64144ccf1df_6.0.22621.3672_none_2713b9d173822955\COMCTL32.dll
0x00007ffb09d50000 - 0x00007ffb09d5a000 	C:\WINDOWS\SYSTEM32\VERSION.dll
0x00007ffb16680000 - 0x00007ffb166b1000 	C:\WINDOWS\System32\IMM32.DLL
0x00007ffb07f00000 - 0x00007ffb07f0c000 	C:\Program Files\Java\jdk-17\bin\vcruntime140_1.dll
0x00007ffadf500000 - 0x00007ffadf58e000 	C:\Program Files\Java\jdk-17\bin\msvcp140.dll
0x00007ffac3e50000 - 0x00007ffac4a30000 	C:\Program Files\Java\jdk-17\bin\server\jvm.dll
0x00007ffb154b0000 - 0x00007ffb154b8000 	C:\WINDOWS\System32\PSAPI.DLL
0x00007ffb0edc0000 - 0x00007ffb0edf4000 	C:\WINDOWS\SYSTEM32\WINMM.dll
0x00007ffb038f0000 - 0x00007ffb038f9000 	C:\WINDOWS\SYSTEM32\WSOCK32.dll
0x00007ffb16770000 - 0x00007ffb167e1000 	C:\WINDOWS\System32\ws2_32.DLL
0x00007ffb13520000 - 0x00007ffb13538000 	C:\WINDOWS\SYSTEM32\kernel.appcore.dll
0x00007ffb02590000 - 0x00007ffb0259a000 	C:\Program Files\Java\jdk-17\bin\jimage.dll
0x00007ffb11db0000 - 0x00007ffb11fe2000 	C:\WINDOWS\SYSTEM32\DBGHELP.DLL
0x00007ffb16090000 - 0x00007ffb1641e000 	C:\WINDOWS\System32\combase.dll
0x00007ffb164f0000 - 0x00007ffb165c7000 	C:\WINDOWS\System32\OLEAUT32.dll
0x00007ffaf8230000 - 0x00007ffaf8262000 	C:\WINDOWS\SYSTEM32\dbgcore.DLL
0x00007ffb14ea0000 - 0x00007ffb14f1b000 	C:\WINDOWS\System32\bcryptPrimitives.dll
0x00007ffae0f80000 - 0x00007ffae0fa5000 	C:\Program Files\Java\jdk-17\bin\java.dll
0x00007ffad1d10000 - 0x00007ffad1de7000 	C:\Program Files\Java\jdk-17\bin\jsvml.dll
0x00007ffb16940000 - 0x00007ffb171a9000 	C:\WINDOWS\System32\SHELL32.dll
0x00007ffb12420000 - 0x00007ffb12d1f000 	C:\WINDOWS\SYSTEM32\windows.storage.dll
0x00007ffb122e0000 - 0x00007ffb1241f000 	C:\WINDOWS\SYSTEM32\wintypes.dll
0x00007ffb15bd0000 - 0x00007ffb15cc9000 	C:\WINDOWS\System32\SHCORE.dll
0x00007ffb167f0000 - 0x00007ffb1684e000 	C:\WINDOWS\System32\shlwapi.dll
0x00007ffb14430000 - 0x00007ffb14457000 	C:\WINDOWS\SYSTEM32\profapi.dll
0x00007ffae1c40000 - 0x00007ffae1c59000 	C:\Program Files\Java\jdk-17\bin\net.dll
0x00007ffb0e8e0000 - 0x00007ffb0ea16000 	C:\WINDOWS\SYSTEM32\WINHTTP.dll
0x00007ffb139a0000 - 0x00007ffb13a09000 	C:\WINDOWS\system32\mswsock.dll
0x00007ffae0e00000 - 0x00007ffae0e16000 	C:\Program Files\Java\jdk-17\bin\nio.dll
0x00007ffae02c0000 - 0x00007ffae02d8000 	C:\Program Files\Java\jdk-17\bin\zip.dll
0x0000000069ac0000 - 0x0000000069ae4000 	C:\Program Files\maven\apache-maven-3.9.5\lib\jansi-native\Windows\x86_64\jansi.dll
0x00007ffb01750000 - 0x00007ffb01760000 	C:\Program Files\Java\jdk-17\bin\verify.dll

dbghelp: loaded successfully - version: 4.0.5 - missing functions: none
symbol engine: initialized successfully - sym options: 0x614 - pdb path: .;C:\Program Files\Java\jdk-17\bin;C:\WINDOWS\SYSTEM32;C:\WINDOWS\WinSxS\amd64_microsoft.windows.common-controls_6595b64144ccf1df_6.0.22621.3672_none_2713b9d173822955;C:\Program Files\Java\jdk-17\bin\server;C:\Program Files\maven\apache-maven-3.9.5\lib\jansi-native\Windows\x86_64

VM Arguments:
jvm_args: -Dclassworlds.conf=C:\Program Files\maven\apache-maven-3.9.5\bin\m2.conf -Dmaven.home=C:\Program Files\maven\apache-maven-3.9.5 -Dlibrary.jansi.path=C:\Program Files\maven\apache-maven-3.9.5\lib\jansi-native -Dmaven.multiModuleProjectDirectory=C:\Users\chenc\Desktop\4156\project\Finalproject\teamproject 
java_command: org.codehaus.plexus.classworlds.launcher.Launcher spring-boot:run -Dspring-boot.run.arguments=setup
java_class_path (initial): C:\Program Files\maven\apache-maven-3.9.5\boot\plexus-classworlds-2.7.0.jar
Launcher Type: SUN_STANDARD

[Global flags]
     intx CICompilerCount                          = 4                                         {product} {ergonomic}
     uint ConcGCThreads                            = 2                                         {product} {ergonomic}
     uint G1ConcRefinementThreads                  = 8                                         {product} {ergonomic}
   size_t G1HeapRegionSize                         = 1048576                                   {product} {ergonomic}
    uintx GCDrainStackTargetSize                   = 64                                        {product} {ergonomic}
   size_t InitialHeapSize                          = 56623104                                  {product} {ergonomic}
   size_t MarkStackSize                            = 4194304                                   {product} {ergonomic}
   size_t MaxHeapSize                              = 903872512                                 {product} {ergonomic}
   size_t MaxNewSize                               = 542113792                                 {product} {ergonomic}
   size_t MinHeapDeltaBytes                        = 1048576                                   {product} {ergonomic}
   size_t MinHeapSize                              = 8388608                                   {product} {ergonomic}
    uintx NonNMethodCodeHeapSize                   = 5839372                                {pd product} {ergonomic}
    uintx NonProfiledCodeHeapSize                  = 122909434                              {pd product} {ergonomic}
    uintx ProfiledCodeHeapSize                     = 122909434                              {pd product} {ergonomic}
    uintx ReservedCodeCacheSize                    = 251658240                              {pd product} {ergonomic}
     bool SegmentedCodeCache                       = true                                      {product} {ergonomic}
   size_t SoftMaxHeapSize                          = 903872512                              {manageable} {ergonomic}
     bool UseCompressedClassPointers               = true                           {product lp64_product} {ergonomic}
     bool UseCompressedOops                        = true                           {product lp64_product} {ergonomic}
     bool UseG1GC                                  = true                                      {product} {ergonomic}
     bool UseLargePagesIndividualAllocation        = false                                  {pd product} {ergonomic}

Logging:
Log output configuration:
 #0: stdout all=warning uptime,level,tags
 #1: stderr all=off uptime,level,tags

Environment Variables:
JAVA_HOME=C:\Program Files\Java\jdk-17
PATH=C:\Program Files (x86)\VMware\VMware Workstation\bin\;C:\Program Files\Common Files\Oracle\Java\javapath;C:\WINDOWS\system32;C:\WINDOWS;C:\WINDOWS\System32\Wbem;C:\WINDOWS\System32\WindowsPowerShell\v1.0\;C:\WINDOWS\System32\OpenSSH\;C:\Program Files\nodejs\;C:\Program Files\Git\cmd;C:\Program Files\maven\apache-maven-3.9.5\bin;C:\Program Files (x86)\Gpg4win\..\GnuPG\bin;C:\pmd-bin-7.5.0\pmd-bin-7.5.0\bin;C:\Program Files\Go\bin;C:\bin;C:\Users\chenc\AppData\Roaming\local\bin;C:\Users\chenc\AppData\Local\Microsoft\WindowsApps;C:\Users\chenc\AppData\Local\Programs\Microsoft VS Code\bin;C:\Users\chenc\AppData\Roaming\npm;C:\msys64\ucrt64\bin;C:\Program Files\JetBrains\IntelliJ IDEA 2024.2.1\bin;;C:\pmd-bin-7.5.0\pmd-bin-7.5.0\bin;C:\Program Files\Go\bin;C:\Users\chenc\AppData\Local\Google\Cloud SDK\google-cloud-sdk\bin
USERNAME=chenc
OS=Windows_NT
PROCESSOR_IDENTIFIER=AMD64 Family 23 Model 104 Stepping 1, AuthenticAMD



---------------  S Y S T E M  ---------------

OS:
 Windows 11 , 64 bit Build 22621 (10.0.22621.3958)
OS uptime: 3 days 11:16 hours
Hyper-V role detected

CPU: total 8 (initial active 8) (8 cores per cpu, 2 threads per core) family 23 model 104 stepping 1 microcode 0x0, cx8, cmov, fxsr, ht, mmx, 3dnowpref, sse, sse2, sse3, ssse3, sse4a, sse4.1, sse4.2, popcnt, lzcnt, tsc, tscinvbit, avx, avx2, aes, clmul, bmi1, bmi2, adx, sha, fma, vzeroupper, clflush, clflushopt, hv

Memory: 4k page, system-wide physical 3446M (21M free)
TotalPageFile size 14198M (AvailPageFile size 5M)
current process WorkingSet (physical memory assigned to process): 108M, peak: 116M
current process commit charge ("private bytes"): 171M, peak: 172M

vm_info: Java HotSpot(TM) 64-Bit Server VM (17.0.12+8-LTS-286) for windows-amd64 JRE (17.0.12+8-LTS-286), built on Jun  5 2024 06:46:59 by "mach5one" with MS VC++ 17.6 (VS2022)

END.
