#
# There is insufficient memory for the Java Runtime Environment to continue.
# Native memory allocation (mmap) failed to map 11534336 bytes for G1 virtual space
# Possible reasons:
#   The system is out of physical RAM or swap space
#   The process is running with CompressedOops enabled, and the Java Heap may be blocking the growth of the native heap
# Possible solutions:
#   Reduce memory load on the system
#   Increase physical memory or swap space
#   Check if swap backing store is full
#   Decrease Java heap size (-Xmx/-Xms)
#   Decrease number of Java threads
#   Decrease Java thread stack sizes (-Xss)
#   Set larger code cache with -XX:ReservedCodeCacheSize=
#   JVM is running with Unscaled Compressed Oops mode in which the Java heap is
#     placed in the first 4GB address space. The Java Heap base address is the
#     maximum limit for the native heap growth. Please use -XX:HeapBaseMinAddress
#     to set the Java Heap base and to place the Java Heap above 4GB virtual address.
# This output file may be truncated or incomplete.
#
#  Out of Memory Error (os_windows.cpp:3548), pid=5624, tid=16108
#
# JRE version: Java(TM) SE Runtime Environment (17.0.12+8) (build 17.0.12+8-LTS-286)
# Java VM: Java HotSpot(TM) 64-Bit Server VM (17.0.12+8-LTS-286, mixed mode, sharing, tiered, compressed oops, compressed class ptrs, g1 gc, windows-amd64)
# No core dump will be written. Minidumps are not enabled by default on client versions of Windows
#

---------------  S U M M A R Y ------------

Command Line: -Dclassworlds.conf=C:\Program Files\maven\apache-maven-3.9.5\bin\m2.conf -Dmaven.home=C:\Program Files\maven\apache-maven-3.9.5 -Dlibrary.jansi.path=C:\Program Files\maven\apache-maven-3.9.5\lib\jansi-native -Dmaven.multiModuleProjectDirectory=C:\Users\chenc\Desktop\4156\project\Finalproject\teamproject org.codehaus.plexus.classworlds.launcher.Launcher spring-boot:run -Dspring-boot.run.arguments=setup

Host: AMD Ryzen 3 5300U with Radeon Graphics         , 8 cores, 3G,  Windows 11 , 64 bit Build 22621 (10.0.22621.3958)
Time: Sat Oct 12 20:54:24 2024 Eastern Daylight Time elapsed time: 11.469317 seconds (0d 0h 0m 11s)

---------------  T H R E A D  ---------------

Current thread (0x0000011c328e8610):  VMThread "VM Thread" [stack: 0x000000038b500000,0x000000038b600000] [id=16108]

Stack: [0x000000038b500000,0x000000038b600000]
Native frames: (J=compiled Java code, j=interpreted, Vv=VM code, C=native code)
V  [jvm.dll+0x67a04a]
V  [jvm.dll+0x7da4ed]
V  [jvm.dll+0x7dbe33]
V  [jvm.dll+0x7dc4a3]
V  [jvm.dll+0x24508f]
V  [jvm.dll+0x677089]
V  [jvm.dll+0x66bd32]
V  [jvm.dll+0x301fa6]
V  [jvm.dll+0x309546]
V  [jvm.dll+0x359d2e]
V  [jvm.dll+0x359f5f]
V  [jvm.dll+0x2d9078]
V  [jvm.dll+0x2d74ad]
V  [jvm.dll+0x2d6afc]
V  [jvm.dll+0x31a65b]
V  [jvm.dll+0x7e0d9b]
V  [jvm.dll+0x7e1ad4]
V  [jvm.dll+0x7e1fed]
V  [jvm.dll+0x7e23c4]
V  [jvm.dll+0x7e2490]
V  [jvm.dll+0x78abea]
V  [jvm.dll+0x678f35]
C  [ucrtbase.dll+0x29333]
C  [KERNEL32.DLL+0x1257d]
C  [ntdll.dll+0x5af08]

VM_Operation (0x000000038affcd20): G1CollectForAllocation, mode: safepoint, requested by thread 0x0000011c32836390


---------------  P R O C E S S  ---------------

Threads class SMR info:
_java_thread_list=0x0000011c93075c00, length=12, elements={
0x0000011c32836390, 0x0000011c328ee220, 0x0000011c328ef0a0, 0x0000011c328fda70,
0x0000011c328fe440, 0x0000011c4ddd8f70, 0x0000011c4ddd9840, 0x0000011c4dddcb50,
0x0000011c4dde5c30, 0x0000011c4ddf4110, 0x0000011c9306e4a0, 0x0000011c93077ba0
}

Java Threads: ( => current thread )
  0x0000011c32836390 JavaThread "main" [_thread_blocked, id=8700, stack(0x000000038af00000,0x000000038b000000)]
  0x0000011c328ee220 JavaThread "Reference Handler" daemon [_thread_blocked, id=3960, stack(0x000000038b600000,0x000000038b700000)]
  0x0000011c328ef0a0 JavaThread "Finalizer" daemon [_thread_blocked, id=19144, stack(0x000000038b700000,0x000000038b800000)]
  0x0000011c328fda70 JavaThread "Signal Dispatcher" daemon [_thread_blocked, id=17140, stack(0x000000038b800000,0x000000038b900000)]
  0x0000011c328fe440 JavaThread "Attach Listener" daemon [_thread_blocked, id=21228, stack(0x000000038b900000,0x000000038ba00000)]
  0x0000011c4ddd8f70 JavaThread "Service Thread" daemon [_thread_blocked, id=14052, stack(0x000000038ba00000,0x000000038bb00000)]
  0x0000011c4ddd9840 JavaThread "Monitor Deflation Thread" daemon [_thread_blocked, id=10096, stack(0x000000038bb00000,0x000000038bc00000)]
  0x0000011c4dddcb50 JavaThread "C2 CompilerThread0" daemon [_thread_in_native, id=17060, stack(0x000000038bc00000,0x000000038bd00000)]
  0x0000011c4dde5c30 JavaThread "C1 CompilerThread0" daemon [_thread_blocked, id=18784, stack(0x000000038bd00000,0x000000038be00000)]
  0x0000011c4ddf4110 JavaThread "Sweeper thread" daemon [_thread_blocked, id=20008, stack(0x000000038be00000,0x000000038bf00000)]
  0x0000011c9306e4a0 JavaThread "Notification Thread" daemon [_thread_blocked, id=8816, stack(0x000000038bf00000,0x000000038c000000)]
  0x0000011c93077ba0 JavaThread "Common-Cleaner" daemon [_thread_blocked, id=18260, stack(0x000000038c100000,0x000000038c200000)]

Other Threads:
=>0x0000011c328e8610 VMThread "VM Thread" [stack: 0x000000038b500000,0x000000038b600000] [id=16108]
  0x0000011c3287e340 WatcherThread [stack: 0x000000038c000000,0x000000038c100000] [id=12468]
  0x0000011c3286bb90 GCTaskThread "GC Thread#0" [stack: 0x000000038b000000,0x000000038b100000] [id=13588]
  0x0000011c93186250 GCTaskThread "GC Thread#1" [stack: 0x000000038c200000,0x000000038c300000] [id=19056]
  0x0000011c938f9d50 GCTaskThread "GC Thread#2" [stack: 0x000000038c300000,0x000000038c400000] [id=11948]
  0x0000011c93c82c80 GCTaskThread "GC Thread#3" [stack: 0x000000038c400000,0x000000038c500000] [id=16904]
  0x0000011c939880b0 GCTaskThread "GC Thread#4" [stack: 0x000000038c500000,0x000000038c600000] [id=15400]
  0x0000011c93988780 GCTaskThread "GC Thread#5" [stack: 0x000000038c600000,0x000000038c700000] [id=10660]
  0x0000011c93988a40 GCTaskThread "GC Thread#6" [stack: 0x000000038c700000,0x000000038c800000] [id=9092]
  0x0000011c93988d00 GCTaskThread "GC Thread#7" [stack: 0x000000038c800000,0x000000038c900000] [id=8224]
  0x0000011c32874ec0 ConcurrentGCThread "G1 Main Marker" [stack: 0x000000038b100000,0x000000038b200000] [id=9472]
  0x0000011c328758d0 ConcurrentGCThread "G1 Conc#0" [stack: 0x000000038b200000,0x000000038b300000] [id=21412]
  0x0000011c942a08f0 ConcurrentGCThread "G1 Conc#1" [stack: 0x000000038c900000,0x000000038ca00000] [id=9024]
  0x0000011c328c9180 ConcurrentGCThread "G1 Refine#0" [stack: 0x000000038b300000,0x000000038b400000] [id=8892]
  0x0000011c328c9bb0 ConcurrentGCThread "G1 Service" [stack: 0x000000038b400000,0x000000038b500000] [id=18008]

Threads with active compile tasks:
C2 CompilerThread0    11499 5410   !   4       java.lang.ClassLoader::loadClass (121 bytes)

VM state: at safepoint (normal execution)

VM Mutex/Monitor currently owned by a thread:  ([mutex/lock_event])
[0x0000011c32834ae0] Threads_lock - owner thread: 0x0000011c328e8610
[0x0000011c32834150] Heap_lock - owner thread: 0x0000011c32836390

Heap address: 0x00000000ca200000, size: 862 MB, Compressed Oops mode: 32-bit

CDS archive(s) mapped at: [0x0000011c4e000000-0x0000011c4ebd0000-0x0000011c4ebd0000), size 12386304, SharedBaseAddress: 0x0000011c4e000000, ArchiveRelocationMode: 1.
Compressed class space mapped at: 0x0000011c4f000000-0x0000011c8f000000, reserved size: 1073741824
Narrow klass base: 0x0000011c4e000000, Narrow klass shift: 0, Narrow klass range: 0x100000000

GC Precious Log:
 CPUs: 8 total, 8 available
 Memory: 3446M
 Large Page Support: Disabled
 NUMA Support: Disabled
 Compressed Oops: Enabled (32-bit)
 Heap Region Size: 1M
 Heap Min Capacity: 8M
 Heap Initial Capacity: 54M
 Heap Max Capacity: 862M
 Pre-touch: Disabled
 Parallel Workers: 8
 Concurrent Workers: 2
 Concurrent Refinement Workers: 8
 Periodic GC: Disabled

Heap:
 garbage-first heap   total 55296K, used 24466K [0x00000000ca200000, 0x0000000100000000)
  region size 1024K, 2 young (2048K), 2 survivors (2048K)
 Metaspace       used 28239K, committed 28480K, reserved 1114112K
  class space    used 3427K, committed 3520K, reserved 1048576K

Heap Regions: E=young(eden), S=young(survivor), O=old, HS=humongous(starts), HC=humongous(continues), CS=collection set, F=free, OA=open archive, CA=closed archive, TAMS=top-at-mark-start (previous, next)
|   0|0x00000000ca200000, 0x00000000ca300000, 0x00000000ca300000|100%| O|  |TAMS 0x00000000ca300000, 0x00000000ca200000| Untracked 
|   1|0x00000000ca300000, 0x00000000ca400000, 0x00000000ca400000|100%| O|  |TAMS 0x00000000ca400000, 0x00000000ca300000| Untracked 
|   2|0x00000000ca400000, 0x00000000ca500000, 0x00000000ca500000|100%| O|  |TAMS 0x00000000ca500000, 0x00000000ca400000| Untracked 
|   3|0x00000000ca500000, 0x00000000ca600000, 0x00000000ca600000|100%| O|  |TAMS 0x00000000ca600000, 0x00000000ca500000| Untracked 
|   4|0x00000000ca600000, 0x00000000ca700000, 0x00000000ca700000|100%| O|  |TAMS 0x00000000ca700000, 0x00000000ca600000| Untracked 
|   5|0x00000000ca700000, 0x00000000ca800000, 0x00000000ca800000|100%| O|  |TAMS 0x00000000ca800000, 0x00000000ca700000| Untracked 
|   6|0x00000000ca800000, 0x00000000ca900000, 0x00000000ca900000|100%| O|  |TAMS 0x00000000ca900000, 0x00000000ca800000| Untracked 
|   7|0x00000000ca900000, 0x00000000caa00000, 0x00000000caa00000|100%| O|  |TAMS 0x00000000caa00000, 0x00000000ca900000| Untracked 
|   8|0x00000000caa00000, 0x00000000cab00000, 0x00000000cab00000|100%| O|  |TAMS 0x00000000cab00000, 0x00000000caa00000| Untracked 
|   9|0x00000000cab00000, 0x00000000cac00000, 0x00000000cac00000|100%| O|  |TAMS 0x00000000cac00000, 0x00000000cab00000| Untracked 
|  10|0x00000000cac00000, 0x00000000cad00000, 0x00000000cad00000|100%| O|  |TAMS 0x00000000cad00000, 0x00000000cac00000| Untracked 
|  11|0x00000000cad00000, 0x00000000cae00000, 0x00000000cae00000|100%| O|  |TAMS 0x00000000cae00000, 0x00000000cad00000| Untracked 
|  12|0x00000000cae00000, 0x00000000caf00000, 0x00000000caf00000|100%| O|  |TAMS 0x00000000caf00000, 0x00000000cae00000| Untracked 
|  13|0x00000000caf00000, 0x00000000cb000000, 0x00000000cb000000|100%| O|  |TAMS 0x00000000cb000000, 0x00000000caf00000| Untracked 
|  14|0x00000000cb000000, 0x00000000cb100000, 0x00000000cb100000|100%| O|  |TAMS 0x00000000cb100000, 0x00000000cb000000| Untracked 
|  15|0x00000000cb100000, 0x00000000cb200000, 0x00000000cb200000|100%| O|  |TAMS 0x00000000cb1e3200, 0x00000000cb100000| Untracked 
|  16|0x00000000cb200000, 0x00000000cb300000, 0x00000000cb300000|100%| O|  |TAMS 0x00000000cb200000, 0x00000000cb200000| Untracked 
|  17|0x00000000cb300000, 0x00000000cb400000, 0x00000000cb400000|100%| O|  |TAMS 0x00000000cb300000, 0x00000000cb300000| Untracked 
|  18|0x00000000cb400000, 0x00000000cb500000, 0x00000000cb500000|100%| O|  |TAMS 0x00000000cb400000, 0x00000000cb400000| Untracked 
|  19|0x00000000cb500000, 0x00000000cb600000, 0x00000000cb600000|100%| O|  |TAMS 0x00000000cb500000, 0x00000000cb500000| Untracked 
|  20|0x00000000cb600000, 0x00000000cb700000, 0x00000000cb700000|100%| O|  |TAMS 0x00000000cb600000, 0x00000000cb600000| Untracked 
|  21|0x00000000cb700000, 0x00000000cb800000, 0x00000000cb800000|100%| O|  |TAMS 0x00000000cb700000, 0x00000000cb700000| Untracked 
|  22|0x00000000cb800000, 0x00000000cb8b9800, 0x00000000cb900000| 72%| O|  |TAMS 0x00000000cb800000, 0x00000000cb800000| Untracked 
|  23|0x00000000cb900000, 0x00000000cb900000, 0x00000000cba00000|  0%| F|  |TAMS 0x00000000cb900000, 0x00000000cb900000| Untracked 
|  24|0x00000000cba00000, 0x00000000cba00000, 0x00000000cbb00000|  0%| F|  |TAMS 0x00000000cba00000, 0x00000000cba00000| Untracked 
|  25|0x00000000cbb00000, 0x00000000cbb00000, 0x00000000cbc00000|  0%| F|  |TAMS 0x00000000cbb00000, 0x00000000cbb00000| Untracked 
|  26|0x00000000cbc00000, 0x00000000cbc00000, 0x00000000cbd00000|  0%| F|  |TAMS 0x00000000cbc00000, 0x00000000cbc00000| Untracked 
|  27|0x00000000cbd00000, 0x00000000cbd00000, 0x00000000cbe00000|  0%| F|  |TAMS 0x00000000cbd00000, 0x00000000cbd00000| Untracked 
|  28|0x00000000cbe00000, 0x00000000cbe00000, 0x00000000cbf00000|  0%| F|  |TAMS 0x00000000cbe00000, 0x00000000cbe00000| Untracked 
|  29|0x00000000cbf00000, 0x00000000cbf00000, 0x00000000cc000000|  0%| F|  |TAMS 0x00000000cbf00000, 0x00000000cbf00000| Untracked 
|  30|0x00000000cc000000, 0x00000000cc000000, 0x00000000cc100000|  0%| F|  |TAMS 0x00000000cc000000, 0x00000000cc000000| Untracked 
|  31|0x00000000cc100000, 0x00000000cc12b200, 0x00000000cc200000| 16%| S|CS|TAMS 0x00000000cc100000, 0x00000000cc100000| Complete 
|  32|0x00000000cc200000, 0x00000000cc300000, 0x00000000cc300000|100%| S|CS|TAMS 0x00000000cc200000, 0x00000000cc200000| Complete 
|  33|0x00000000cc300000, 0x00000000cc300000, 0x00000000cc400000|  0%| F|  |TAMS 0x00000000cc300000, 0x00000000cc300000| Untracked 
|  34|0x00000000cc400000, 0x00000000cc400000, 0x00000000cc500000|  0%| F|  |TAMS 0x00000000cc400000, 0x00000000cc400000| Untracked 
|  35|0x00000000cc500000, 0x00000000cc500000, 0x00000000cc600000|  0%| F|  |TAMS 0x00000000cc500000, 0x00000000cc500000| Untracked 
|  36|0x00000000cc600000, 0x00000000cc600000, 0x00000000cc700000|  0%| F|  |TAMS 0x00000000cc600000, 0x00000000cc600000| Untracked 
|  37|0x00000000cc700000, 0x00000000cc700000, 0x00000000cc800000|  0%| F|  |TAMS 0x00000000cc700000, 0x00000000cc700000| Untracked 
|  38|0x00000000cc800000, 0x00000000cc800000, 0x00000000cc900000|  0%| F|  |TAMS 0x00000000cc800000, 0x00000000cc800000| Untracked 
|  39|0x00000000cc900000, 0x00000000cc900000, 0x00000000cca00000|  0%| F|  |TAMS 0x00000000cc900000, 0x00000000cc900000| Untracked 
|  40|0x00000000cca00000, 0x00000000cca00000, 0x00000000ccb00000|  0%| F|  |TAMS 0x00000000cca00000, 0x00000000cca00000| Untracked 
|  41|0x00000000ccb00000, 0x00000000ccb00000, 0x00000000ccc00000|  0%| F|  |TAMS 0x00000000ccb00000, 0x00000000ccb00000| Untracked 
|  42|0x00000000ccc00000, 0x00000000ccc00000, 0x00000000ccd00000|  0%| F|  |TAMS 0x00000000ccc00000, 0x00000000ccc00000| Untracked 
|  43|0x00000000ccd00000, 0x00000000ccd00000, 0x00000000cce00000|  0%| F|  |TAMS 0x00000000ccd00000, 0x00000000ccd00000| Untracked 
|  44|0x00000000cce00000, 0x00000000cce00000, 0x00000000ccf00000|  0%| F|  |TAMS 0x00000000cce00000, 0x00000000cce00000| Untracked 
|  45|0x00000000ccf00000, 0x00000000ccf00000, 0x00000000cd000000|  0%| F|  |TAMS 0x00000000ccf00000, 0x00000000ccf00000| Untracked 
|  46|0x00000000cd000000, 0x00000000cd000000, 0x00000000cd100000|  0%| F|  |TAMS 0x00000000cd000000, 0x00000000cd000000| Untracked 
|  47|0x00000000cd100000, 0x00000000cd100000, 0x00000000cd200000|  0%| F|  |TAMS 0x00000000cd100000, 0x00000000cd100000| Untracked 
|  48|0x00000000cd200000, 0x00000000cd200000, 0x00000000cd300000|  0%| F|  |TAMS 0x00000000cd200000, 0x00000000cd200000| Untracked 
|  49|0x00000000cd300000, 0x00000000cd300000, 0x00000000cd400000|  0%| F|  |TAMS 0x00000000cd300000, 0x00000000cd300000| Untracked 
|  50|0x00000000cd400000, 0x00000000cd400000, 0x00000000cd500000|  0%| F|  |TAMS 0x00000000cd400000, 0x00000000cd400000| Untracked 
|  51|0x00000000cd500000, 0x00000000cd500000, 0x00000000cd600000|  0%| F|  |TAMS 0x00000000cd500000, 0x00000000cd500000| Untracked 
|  52|0x00000000cd600000, 0x00000000cd600000, 0x00000000cd700000|  0%| F|  |TAMS 0x00000000cd600000, 0x00000000cd600000| Untracked 
|  53|0x00000000cd700000, 0x00000000cd700000, 0x00000000cd800000|  0%| F|  |TAMS 0x00000000cd700000, 0x00000000cd700000| Untracked 

Card table byte_map: [0x0000011c495d0000,0x0000011c49780000] _byte_map_base: 0x0000011c48f7f000

Marking Bits (Prev, Next): (CMBitMap*) 0x0000011c3286c1f0, (CMBitMap*) 0x0000011c3286c1b0
 Prev Bits: [0x0000011c4a6b0000, 0x0000011c4b428000)
 Next Bits: [0x0000011c49930000, 0x0000011c4a6a8000)

Polling page: 0x0000011c30780000

Metaspace:

Usage:
  Non-class:     24.23 MB used.
      Class:      3.35 MB used.
       Both:     27.58 MB used.

Virtual space:
  Non-class space:       64.00 MB reserved,      24.38 MB ( 38%) committed,  1 nodes.
      Class space:        1.00 GB reserved,       3.44 MB ( <1%) committed,  1 nodes.
             Both:        1.06 GB reserved,      27.81 MB (  3%) committed. 

Chunk freelists:
   Non-Class:  7.64 MB
       Class:  12.39 MB
        Both:  20.03 MB

MaxMetaspaceSize: unlimited
CompressedClassSpaceSize: 1.00 GB
Initial GC threshold: 21.00 MB
Current GC threshold: 35.12 MB
CDS: on
MetaspaceReclaimPolicy: balanced
 - commit_granule_bytes: 65536.
 - commit_granule_words: 8192.
 - virtual_space_node_default_size: 8388608.
 - enlarge_chunks_in_place: 1.
 - new_chunks_are_fully_committed: 0.
 - uncommit_free_chunks: 1.
 - use_allocation_guard: 0.
 - handle_deallocations: 1.


Internal statistics:

num_allocs_failed_limit: 3.
num_arena_births: 170.
num_arena_deaths: 0.
num_vsnodes_births: 2.
num_vsnodes_deaths: 0.
num_space_committed: 445.
num_space_uncommitted: 0.
num_chunks_returned_to_freelist: 3.
num_chunks_taken_from_freelist: 1076.
num_chunk_merges: 0.
num_chunk_splits: 757.
num_chunks_enlarged: 611.
num_inconsistent_stats: 0.

CodeHeap 'non-profiled nmethods': size=120000Kb used=2618Kb max_used=2618Kb free=117381Kb
 bounds [0x0000011c41bc0000, 0x0000011c41e50000, 0x0000011c490f0000]
CodeHeap 'profiled nmethods': size=120000Kb used=12735Kb max_used=12735Kb free=107264Kb
 bounds [0x0000011c3a0f0000, 0x0000011c3ad60000, 0x0000011c41620000]
CodeHeap 'non-nmethods': size=5760Kb used=1220Kb max_used=1243Kb free=4539Kb
 bounds [0x0000011c41620000, 0x0000011c41890000, 0x0000011c41bc0000]
 total_blobs=6101 nmethods=5576 adapters=437
 compilation: enabled
              stopped_count=0, restarted_count=0
 full_count=0

Compilation events (20 events):
Event: 11.417 Thread 0x0000011c4dde5c30 5591       3       java.nio.Buffer::limit (65 bytes)
Event: 11.418 Thread 0x0000011c4dde5c30 nmethod 5591 0x0000011c3ad5a210 code [0x0000011c3ad5a3c0, 0x0000011c3ad5a688]
Event: 11.418 Thread 0x0000011c4dde5c30 5589  s    2       java.beans.MethodDescriptor::setParams (74 bytes)
Event: 11.418 Thread 0x0000011c4dde5c30 nmethod 5589 0x0000011c3ad5a790 code [0x0000011c3ad5a980, 0x0000011c3ad5b128]
Event: 11.418 Thread 0x0000011c4dde5c30 5592   !   2       com.sun.beans.introspect.ClassInfo::getMethods (47 bytes)
Event: 11.418 Thread 0x0000011c4dde5c30 nmethod 5592 0x0000011c3ad5b390 code [0x0000011c3ad5b540, 0x0000011c3ad5b7c8]
Event: 11.418 Thread 0x0000011c4dde5c30 5593   !   2       com.sun.beans.util.Cache::removeStaleEntries (163 bytes)
Event: 11.419 Thread 0x0000011c4dde5c30 nmethod 5593 0x0000011c3ad5b910 code [0x0000011c3ad5bb20, 0x0000011c3ad5c3a8]
Event: 11.419 Thread 0x0000011c4dde5c30 5590       2       sun.reflect.misc.ReflectUtil::checkPackageAccess (77 bytes)
Event: 11.420 Thread 0x0000011c4dde5c30 nmethod 5590 0x0000011c3ad5cb90 code [0x0000011c3ad5cda0, 0x0000011c3ad5d108]
Event: 11.424 Thread 0x0000011c4dde5c30 5594       2       com.sun.beans.util.Cache::hash (49 bytes)
Event: 11.424 Thread 0x0000011c4dde5c30 nmethod 5594 0x0000011c3ad5d410 code [0x0000011c3ad5d5c0, 0x0000011c3ad5d758]
Event: 11.424 Thread 0x0000011c4dde5c30 5595       2       java.util.AbstractCollection::toArray (144 bytes)
Event: 11.425 Thread 0x0000011c4dde5c30 nmethod 5595 0x0000011c3ad5d810 code [0x0000011c3ad5da60, 0x0000011c3ad5e1f8]
Event: 11.428 Thread 0x0000011c4dde5c30 5596       2       java.lang.reflect.Type::getTypeName (5 bytes)
Event: 11.429 Thread 0x0000011c4dde5c30 nmethod 5596 0x0000011c3ad5e510 code [0x0000011c3ad5e6a0, 0x0000011c3ad5e7c8]
Event: 11.439 Thread 0x0000011c4dde5c30 5598   !   2       org.apache.commons.beanutils.expression.DefaultResolver::getIndex (163 bytes)
Event: 11.440 Thread 0x0000011c4dde5c30 nmethod 5598 0x0000011c3ad5e890 code [0x0000011c3ad5eb20, 0x0000011c3ad5f428]
Event: 11.454 Thread 0x0000011c4dde5c30 5599       2       java.lang.AbstractStringBuilder::getCoder (15 bytes)
Event: 11.454 Thread 0x0000011c4dde5c30 nmethod 5599 0x0000011c3ad5f910 code [0x0000011c3ad5faa0, 0x0000011c3ad5fbb8]

GC Heap History (20 events):
Event: 3.221 GC heap after
{Heap after GC invocations=3 (full 0):
 garbage-first heap   total 55296K, used 7816K [0x00000000ca200000, 0x0000000100000000)
  region size 1024K, 4 young (4096K), 4 survivors (4096K)
 Metaspace       used 14025K, committed 14144K, reserved 1114112K
  class space    used 1719K, committed 1792K, reserved 1048576K
}
Event: 5.060 GC heap before
{Heap before GC invocations=3 (full 0):
 garbage-first heap   total 55296K, used 35464K [0x00000000ca200000, 0x0000000100000000)
  region size 1024K, 31 young (31744K), 4 survivors (4096K)
 Metaspace       used 15096K, committed 15232K, reserved 1114112K
  class space    used 1813K, committed 1856K, reserved 1048576K
}
Event: 5.077 GC heap after
{Heap after GC invocations=4 (full 0):
 garbage-first heap   total 55296K, used 11321K [0x00000000ca200000, 0x0000000100000000)
  region size 1024K, 4 young (4096K), 4 survivors (4096K)
 Metaspace       used 15096K, committed 15232K, reserved 1114112K
  class space    used 1813K, committed 1856K, reserved 1048576K
}
Event: 5.882 GC heap before
{Heap before GC invocations=4 (full 0):
 garbage-first heap   total 55296K, used 35897K [0x00000000ca200000, 0x0000000100000000)
  region size 1024K, 29 young (29696K), 4 survivors (4096K)
 Metaspace       used 15468K, committed 15680K, reserved 1114112K
  class space    used 1835K, committed 1920K, reserved 1048576K
}
Event: 5.894 GC heap after
{Heap after GC invocations=5 (full 0):
 garbage-first heap   total 55296K, used 14017K [0x00000000ca200000, 0x0000000100000000)
  region size 1024K, 3 young (3072K), 3 survivors (3072K)
 Metaspace       used 15468K, committed 15680K, reserved 1114112K
  class space    used 1835K, committed 1920K, reserved 1048576K
}
Event: 7.548 GC heap before
{Heap before GC invocations=5 (full 0):
 garbage-first heap   total 55296K, used 38593K [0x00000000ca200000, 0x0000000100000000)
  region size 1024K, 28 young (28672K), 3 survivors (3072K)
 Metaspace       used 15897K, committed 16064K, reserved 1114112K
  class space    used 1854K, committed 1920K, reserved 1048576K
}
Event: 7.555 GC heap after
{Heap after GC invocations=6 (full 0):
 garbage-first heap   total 55296K, used 15090K [0x00000000ca200000, 0x0000000100000000)
  region size 1024K, 2 young (2048K), 2 survivors (2048K)
 Metaspace       used 15897K, committed 16064K, reserved 1114112K
  class space    used 1854K, committed 1920K, reserved 1048576K
}
Event: 8.176 GC heap before
{Heap before GC invocations=6 (full 0):
 garbage-first heap   total 55296K, used 39666K [0x00000000ca200000, 0x0000000100000000)
  region size 1024K, 27 young (27648K), 2 survivors (2048K)
 Metaspace       used 16199K, committed 16320K, reserved 1114112K
  class space    used 1858K, committed 1920K, reserved 1048576K
}
Event: 8.181 GC heap after
{Heap after GC invocations=7 (full 0):
 garbage-first heap   total 55296K, used 16528K [0x00000000ca200000, 0x0000000100000000)
  region size 1024K, 4 young (4096K), 4 survivors (4096K)
 Metaspace       used 16199K, committed 16320K, reserved 1114112K
  class space    used 1858K, committed 1920K, reserved 1048576K
}
Event: 8.957 GC heap before
{Heap before GC invocations=7 (full 0):
 garbage-first heap   total 55296K, used 41104K [0x00000000ca200000, 0x0000000100000000)
  region size 1024K, 28 young (28672K), 4 survivors (4096K)
 Metaspace       used 16532K, committed 16704K, reserved 1114112K
  class space    used 1871K, committed 1920K, reserved 1048576K
}
Event: 8.964 GC heap after
{Heap after GC invocations=8 (full 0):
 garbage-first heap   total 55296K, used 17510K [0x00000000ca200000, 0x0000000100000000)
  region size 1024K, 3 young (3072K), 3 survivors (3072K)
 Metaspace       used 16532K, committed 16704K, reserved 1114112K
  class space    used 1871K, committed 1920K, reserved 1048576K
}
Event: 9.773 GC heap before
{Heap before GC invocations=8 (full 0):
 garbage-first heap   total 55296K, used 41062K [0x00000000ca200000, 0x0000000100000000)
  region size 1024K, 27 young (27648K), 3 survivors (3072K)
 Metaspace       used 19748K, committed 19968K, reserved 1114112K
  class space    used 2251K, committed 2304K, reserved 1048576K
}
Event: 9.780 GC heap after
{Heap after GC invocations=9 (full 0):
 garbage-first heap   total 55296K, used 19856K [0x00000000ca200000, 0x0000000100000000)
  region size 1024K, 4 young (4096K), 4 survivors (4096K)
 Metaspace       used 19748K, committed 19968K, reserved 1114112K
  class space    used 2251K, committed 2304K, reserved 1048576K
}
Event: 10.092 GC heap before
{Heap before GC invocations=9 (full 0):
 garbage-first heap   total 55296K, used 36240K [0x00000000ca200000, 0x0000000100000000)
  region size 1024K, 22 young (22528K), 4 survivors (4096K)
 Metaspace       used 21299K, committed 21504K, reserved 1114112K
  class space    used 2402K, committed 2496K, reserved 1048576K
}
Event: 10.099 GC heap after
{Heap after GC invocations=10 (full 0):
 garbage-first heap   total 55296K, used 22620K [0x00000000ca200000, 0x0000000100000000)
  region size 1024K, 3 young (3072K), 3 survivors (3072K)
 Metaspace       used 21299K, committed 21504K, reserved 1114112K
  class space    used 2402K, committed 2496K, reserved 1048576K
}
Event: 10.927 GC heap before
{Heap before GC invocations=11 (full 0):
 garbage-first heap   total 55296K, used 41052K [0x00000000ca200000, 0x0000000100000000)
  region size 1024K, 21 young (21504K), 3 survivors (3072K)
 Metaspace       used 26078K, committed 26240K, reserved 1114112K
  class space    used 3124K, committed 3200K, reserved 1048576K
}
Event: 10.931 GC heap after
{Heap after GC invocations=12 (full 0):
 garbage-first heap   total 55296K, used 23516K [0x00000000ca200000, 0x0000000100000000)
  region size 1024K, 2 young (2048K), 2 survivors (2048K)
 Metaspace       used 26078K, committed 26240K, reserved 1114112K
  class space    used 3124K, committed 3200K, reserved 1048576K
}
Event: 11.259 GC heap before
{Heap before GC invocations=12 (full 0):
 garbage-first heap   total 55296K, used 41948K [0x00000000ca200000, 0x0000000100000000)
  region size 1024K, 20 young (20480K), 2 survivors (2048K)
 Metaspace       used 27818K, committed 28032K, reserved 1114112K
  class space    used 3379K, committed 3456K, reserved 1048576K
}
Event: 11.263 GC heap after
{Heap after GC invocations=13 (full 0):
 garbage-first heap   total 55296K, used 23974K [0x00000000ca200000, 0x0000000100000000)
  region size 1024K, 2 young (2048K), 2 survivors (2048K)
 Metaspace       used 27818K, committed 28032K, reserved 1114112K
  class space    used 3379K, committed 3456K, reserved 1048576K
}
Event: 11.459 GC heap before
{Heap before GC invocations=13 (full 0):
 garbage-first heap   total 55296K, used 43430K [0x00000000ca200000, 0x0000000100000000)
  region size 1024K, 21 young (21504K), 2 survivors (2048K)
 Metaspace       used 28239K, committed 28480K, reserved 1114112K
  class space    used 3427K, committed 3520K, reserved 1048576K
}

Deoptimization events (20 events):
Event: 10.383 Thread 0x0000011c32836390 DEOPT PACKING pc=0x0000011c3ac8c8fe sp=0x000000038aff8850
Event: 10.383 Thread 0x0000011c32836390 DEOPT UNPACKING pc=0x0000011c41672b43 sp=0x000000038aff7ca8 mode 0
Event: 10.383 Thread 0x0000011c32836390 DEOPT PACKING pc=0x0000011c3ac8c8fe sp=0x000000038aff8850
Event: 10.383 Thread 0x0000011c32836390 DEOPT UNPACKING pc=0x0000011c41672b43 sp=0x000000038aff7ca8 mode 0
Event: 10.386 Thread 0x0000011c32836390 DEOPT PACKING pc=0x0000011c3ac8c8fe sp=0x000000038aff6b70
Event: 10.386 Thread 0x0000011c32836390 DEOPT UNPACKING pc=0x0000011c41672b43 sp=0x000000038aff5fc8 mode 0
Event: 10.390 Thread 0x0000011c32836390 DEOPT PACKING pc=0x0000011c3ac8c8fe sp=0x000000038aff8850
Event: 10.390 Thread 0x0000011c32836390 DEOPT UNPACKING pc=0x0000011c41672b43 sp=0x000000038aff7ca8 mode 0
Event: 10.390 Thread 0x0000011c32836390 DEOPT PACKING pc=0x0000011c3ac8c8fe sp=0x000000038aff8850
Event: 10.390 Thread 0x0000011c32836390 DEOPT UNPACKING pc=0x0000011c41672b43 sp=0x000000038aff7ca8 mode 0
Event: 10.390 Thread 0x0000011c32836390 DEOPT PACKING pc=0x0000011c3ac8c8fe sp=0x000000038aff8850
Event: 10.390 Thread 0x0000011c32836390 DEOPT UNPACKING pc=0x0000011c41672b43 sp=0x000000038aff7ca8 mode 0
Event: 10.842 Thread 0x0000011c32836390 Uncommon trap: trap_request=0xffffff45 fr.pc=0x0000011c41d25888 relative=0x0000000000001028
Event: 10.842 Thread 0x0000011c32836390 Uncommon trap: reason=unstable_if action=reinterpret pc=0x0000011c41d25888 method=java.util.HashMap.putMapEntries(Ljava/util/Map;Z)V @ 53 c2
Event: 10.842 Thread 0x0000011c32836390 DEOPT PACKING pc=0x0000011c41d25888 sp=0x000000038affc390
Event: 10.842 Thread 0x0000011c32836390 DEOPT UNPACKING pc=0x0000011c416723a3 sp=0x000000038affc348 mode 2
Event: 11.144 Thread 0x0000011c32836390 Uncommon trap: trap_request=0xffffff6e fr.pc=0x0000011c41bda9e0 relative=0x0000000000000160
Event: 11.144 Thread 0x0000011c32836390 Uncommon trap: reason=loop_limit_check action=maybe_recompile pc=0x0000011c41bda9e0 method=java.lang.StringLatin1.lastIndexOf([BII)I @ 19 c2
Event: 11.144 Thread 0x0000011c32836390 DEOPT PACKING pc=0x0000011c41bda9e0 sp=0x000000038affcf30
Event: 11.145 Thread 0x0000011c32836390 DEOPT UNPACKING pc=0x0000011c416723a3 sp=0x000000038affceb0 mode 2

Classes unloaded (0 events):
No events

Classes redefined (0 events):
No events

Internal exceptions (20 events):
Event: 11.402 Thread 0x0000011c32836390 Exception <a 'java/lang/ClassNotFoundException'{0x00000000cca1e548}: com/puppycrawl/tools/checkstyle/checks/annotation/AnnotationLocationCheckBeanInfo> (0x00000000cca1e548) 
thrown [s\open\src\hotspot\share\classfile\systemDictionary.cpp, line 256]
Event: 11.402 Thread 0x0000011c32836390 Exception <a 'java/lang/ClassNotFoundException'{0x00000000cca266b0}: com/puppycrawl/tools/checkstyle/checks/annotation/AnnotationLocationCheckCustomizer> (0x00000000cca266b0) 
thrown [s\open\src\hotspot\share\classfile\systemDictionary.cpp, line 256]
Event: 11.415 Thread 0x0000011c32836390 Exception <a 'java/lang/ClassNotFoundException'{0x00000000cc988b80}: com/puppycrawl/tools/checkstyle/checks/javadoc/NonEmptyAtclauseDescriptionCheckBeanInfo> (0x00000000cc988b80) 
thrown [s\open\src\hotspot\share\classfile\systemDictionary.cpp, line 256]
Event: 11.415 Thread 0x0000011c32836390 Exception <a 'java/lang/ClassNotFoundException'{0x00000000cc992070}: com/puppycrawl/tools/checkstyle/checks/javadoc/AbstractJavadocCheckBeanInfo> (0x00000000cc992070) 
thrown [s\open\src\hotspot\share\classfile\systemDictionary.cpp, line 256]
Event: 11.415 Thread 0x0000011c32836390 Exception <a 'java/lang/ClassNotFoundException'{0x00000000cc99ad30}: com/puppycrawl/tools/checkstyle/checks/javadoc/AbstractJavadocCheckCustomizer> (0x00000000cc99ad30) 
thrown [s\open\src\hotspot\share\classfile\systemDictionary.cpp, line 256]
Event: 11.417 Thread 0x0000011c32836390 Exception <a 'java/lang/ClassNotFoundException'{0x00000000cc9bbcd0}: com/puppycrawl/tools/checkstyle/checks/javadoc/NonEmptyAtclauseDescriptionCheckCustomizer> (0x00000000cc9bbcd0) 
thrown [s\open\src\hotspot\share\classfile\systemDictionary.cpp, line 256]
Event: 11.423 Thread 0x0000011c32836390 Exception <a 'java/lang/ClassNotFoundException'{0x00000000cc818148}: com/puppycrawl/tools/checkstyle/checks/javadoc/InvalidJavadocPositionCheckBeanInfo> (0x00000000cc818148) 
thrown [s\open\src\hotspot\share\classfile\systemDictionary.cpp, line 256]
Event: 11.424 Thread 0x0000011c32836390 Exception <a 'java/lang/ClassNotFoundException'{0x00000000cc8201d8}: com/puppycrawl/tools/checkstyle/checks/javadoc/InvalidJavadocPositionCheckCustomizer> (0x00000000cc8201d8) 
thrown [s\open\src\hotspot\share\classfile\systemDictionary.cpp, line 256]
Event: 11.428 Thread 0x0000011c32836390 Exception <a 'java/lang/ClassNotFoundException'{0x00000000cc87c068}: com/puppycrawl/tools/checkstyle/checks/javadoc/JavadocTagContinuationIndentationCheckBeanInfo> (0x00000000cc87c068) 
thrown [s\open\src\hotspot\share\classfile\systemDictionary.cpp, line 256]
Event: 11.428 Thread 0x0000011c32836390 Exception <a 'java/lang/ClassNotFoundException'{0x00000000cc884290}: com/puppycrawl/tools/checkstyle/checks/javadoc/JavadocTagContinuationIndentationCheckCustomizer> (0x00000000cc884290) 
thrown [s\open\src\hotspot\share\classfile\systemDictionary.cpp, line 256]
Event: 11.432 Thread 0x0000011c32836390 Exception <a 'java/lang/ClassNotFoundException'{0x00000000cc8e8798}: com/puppycrawl/tools/checkstyle/checks/javadoc/SummaryJavadocCheckBeanInfo> (0x00000000cc8e8798) 
thrown [s\open\src\hotspot\share\classfile\systemDictionary.cpp, line 256]
Event: 11.433 Thread 0x0000011c32836390 Exception <a 'java/lang/ClassNotFoundException'{0x00000000cc8f0710}: com/puppycrawl/tools/checkstyle/checks/javadoc/SummaryJavadocCheckCustomizer> (0x00000000cc8f0710) 
thrown [s\open\src\hotspot\share\classfile\systemDictionary.cpp, line 256]
Event: 11.437 Thread 0x0000011c32836390 Exception <a 'java/lang/ClassNotFoundException'{0x00000000cc77cdb0}: com/puppycrawl/tools/checkstyle/checks/javadoc/JavadocParagraphCheckBeanInfo> (0x00000000cc77cdb0) 
thrown [s\open\src\hotspot\share\classfile\systemDictionary.cpp, line 256]
Event: 11.437 Thread 0x0000011c32836390 Exception <a 'java/lang/ClassNotFoundException'{0x00000000cc784d48}: com/puppycrawl/tools/checkstyle/checks/javadoc/JavadocParagraphCheckCustomizer> (0x00000000cc784d48) 
thrown [s\open\src\hotspot\share\classfile\systemDictionary.cpp, line 256]
Event: 11.441 Thread 0x0000011c32836390 Exception <a 'java/lang/ClassNotFoundException'{0x00000000cc7e3560}: com/puppycrawl/tools/checkstyle/checks/javadoc/RequireEmptyLineBeforeBlockTagGroupCheckBeanInfo> (0x00000000cc7e3560) 
thrown [s\open\src\hotspot\share\classfile\systemDictionary.cpp, line 256]
Event: 11.441 Thread 0x0000011c32836390 Exception <a 'java/lang/ClassNotFoundException'{0x00000000cc7eb7e8}: com/puppycrawl/tools/checkstyle/checks/javadoc/RequireEmptyLineBeforeBlockTagGroupCheckCustomizer> (0x00000000cc7eb7e8) 
thrown [s\open\src\hotspot\share\classfile\systemDictionary.cpp, line 256]
Event: 11.445 Thread 0x0000011c32836390 Exception <a 'java/lang/ClassNotFoundException'{0x00000000cc6492d8}: com/puppycrawl/tools/checkstyle/checks/javadoc/AtclauseOrderCheckBeanInfo> (0x00000000cc6492d8) 
thrown [s\open\src\hotspot\share\classfile\systemDictionary.cpp, line 256]
Event: 11.445 Thread 0x0000011c32836390 Exception <a 'java/lang/ClassNotFoundException'{0x00000000cc651250}: com/puppycrawl/tools/checkstyle/checks/javadoc/AtclauseOrderCheckCustomizer> (0x00000000cc651250) 
thrown [s\open\src\hotspot\share\classfile\systemDictionary.cpp, line 256]
Event: 11.453 Thread 0x0000011c32836390 Exception <a 'java/lang/ClassNotFoundException'{0x00000000cc312cf0}: com/puppycrawl/tools/checkstyle/checks/javadoc/JavadocMethodCheckBeanInfo> (0x00000000cc312cf0) 
thrown [s\open\src\hotspot\share\classfile\systemDictionary.cpp, line 256]
Event: 11.453 Thread 0x0000011c32836390 Exception <a 'java/lang/ClassNotFoundException'{0x00000000cc31ac68}: com/puppycrawl/tools/checkstyle/checks/javadoc/JavadocMethodCheckCustomizer> (0x00000000cc31ac68) 
thrown [s\open\src\hotspot\share\classfile\systemDictionary.cpp, line 256]

VM Operations (20 events):
Event: 10.000 Executing VM operation: HandshakeAllThreads done
Event: 10.092 Executing VM operation: CollectForMetadataAllocation
Event: 10.099 Executing VM operation: CollectForMetadataAllocation done
Event: 10.117 Executing VM operation: G1Concurrent
Event: 10.143 Executing VM operation: G1Concurrent done
Event: 10.150 Executing VM operation: G1Concurrent
Event: 10.150 Executing VM operation: G1Concurrent done
Event: 10.170 Executing VM operation: HandshakeAllThreads
Event: 10.170 Executing VM operation: HandshakeAllThreads done
Event: 10.182 Executing VM operation: HandshakeAllThreads
Event: 10.182 Executing VM operation: HandshakeAllThreads done
Event: 10.320 Executing VM operation: HandshakeAllThreads
Event: 10.321 Executing VM operation: HandshakeAllThreads done
Event: 10.321 Executing VM operation: HandshakeAllThreads
Event: 10.322 Executing VM operation: HandshakeAllThreads done
Event: 10.927 Executing VM operation: G1CollectForAllocation
Event: 10.931 Executing VM operation: G1CollectForAllocation done
Event: 11.259 Executing VM operation: G1CollectForAllocation
Event: 11.263 Executing VM operation: G1CollectForAllocation done
Event: 11.459 Executing VM operation: G1CollectForAllocation

Events (20 events):
Event: 10.466 loading class javax/xml/transform/Result
Event: 10.466 loading class javax/xml/transform/Result done
Event: 10.469 loading class org/xml/sax/ext/DefaultHandler2
Event: 10.469 loading class org/xml/sax/ext/DeclHandler
Event: 10.469 loading class org/xml/sax/ext/DeclHandler done
Event: 10.469 loading class org/xml/sax/ext/DefaultHandler2 done
Event: 10.488 loading class java/net/UnknownServiceException
Event: 10.488 loading class java/net/UnknownServiceException done
Event: 10.545 loading class javax/xml/transform/Source
Event: 10.545 loading class javax/xml/transform/Source done
Event: 10.551 loading class java/nio/charset/IllegalCharsetNameException
Event: 10.551 loading class java/nio/charset/IllegalCharsetNameException done
Event: 10.551 loading class java/util/zip/GZIPInputStream
Event: 10.551 loading class java/util/zip/GZIPInputStream done
Event: 11.419 loading class java/util/Spliterators$IntArraySpliterator
Event: 11.420 loading class java/util/Spliterators$IntArraySpliterator done
Event: 11.421 loading class java/util/stream/IntPipeline$1
Event: 11.421 loading class java/util/stream/IntPipeline$1 done
Event: 11.421 loading class java/util/stream/IntPipeline$1$1
Event: 11.421 loading class java/util/stream/IntPipeline$1$1 done


Dynamic libraries:
0x00007ff6fcfb0000 - 0x00007ff6fcfc0000 	C:\Program Files\Java\jdk-17\bin\java.exe
0x00007ffb171f0000 - 0x00007ffb17407000 	C:\WINDOWS\SYSTEM32\ntdll.dll
0x00007ffb16420000 - 0x00007ffb164e4000 	C:\WINDOWS\System32\KERNEL32.DLL
0x00007ffb145d0000 - 0x00007ffb14987000 	C:\WINDOWS\System32\KERNELBASE.dll
0x00007ffb14ae0000 - 0x00007ffb14bf1000 	C:\WINDOWS\System32\ucrtbase.dll
0x00007ffb07c90000 - 0x00007ffb07ca9000 	C:\Program Files\Java\jdk-17\bin\jli.dll
0x00007ffb16880000 - 0x00007ffb16932000 	C:\WINDOWS\System32\ADVAPI32.dll
0x00007ffb15b20000 - 0x00007ffb15bc7000 	C:\WINDOWS\System32\msvcrt.dll
0x00007ffb166c0000 - 0x00007ffb16768000 	C:\WINDOWS\System32\sechost.dll
0x00007ffb14990000 - 0x00007ffb149b8000 	C:\WINDOWS\System32\bcrypt.dll
0x00007ffb15390000 - 0x00007ffb154a4000 	C:\WINDOWS\System32\RPCRT4.dll
0x00007ffb15cd0000 - 0x00007ffb15e7f000 	C:\WINDOWS\System32\USER32.dll
0x00007ffb14500000 - 0x00007ffb14526000 	C:\WINDOWS\System32\win32u.dll
0x00007ffb03030000 - 0x00007ffb032c3000 	C:\WINDOWS\WinSxS\amd64_microsoft.windows.common-controls_6595b64144ccf1df_6.0.22621.3672_none_2713b9d173822955\COMCTL32.dll
0x00007ffb16850000 - 0x00007ffb16879000 	C:\WINDOWS\System32\GDI32.dll
0x00007ffb149c0000 - 0x00007ffb14ad8000 	C:\WINDOWS\System32\gdi32full.dll
0x00007ffb14530000 - 0x00007ffb145ca000 	C:\WINDOWS\System32\msvcp_win.dll
0x00007ffb09d50000 - 0x00007ffb09d5a000 	C:\WINDOWS\SYSTEM32\VERSION.dll
0x00007ffb07c70000 - 0x00007ffb07c8b000 	C:\Program Files\Java\jdk-17\bin\VCRUNTIME140.dll
0x00007ffb16680000 - 0x00007ffb166b1000 	C:\WINDOWS\System32\IMM32.DLL
0x00007ffb0e360000 - 0x00007ffb0e36c000 	C:\Program Files\Java\jdk-17\bin\vcruntime140_1.dll
0x00007ffadf500000 - 0x00007ffadf58e000 	C:\Program Files\Java\jdk-17\bin\msvcp140.dll
0x00007ffac3e50000 - 0x00007ffac4a30000 	C:\Program Files\Java\jdk-17\bin\server\jvm.dll
0x00007ffb154b0000 - 0x00007ffb154b8000 	C:\WINDOWS\System32\PSAPI.DLL
0x00007ffb0edc0000 - 0x00007ffb0edf4000 	C:\WINDOWS\SYSTEM32\WINMM.dll
0x00007ffb0e330000 - 0x00007ffb0e339000 	C:\WINDOWS\SYSTEM32\WSOCK32.dll
0x00007ffb16770000 - 0x00007ffb167e1000 	C:\WINDOWS\System32\WS2_32.dll
0x00007ffb13520000 - 0x00007ffb13538000 	C:\WINDOWS\SYSTEM32\kernel.appcore.dll
0x00007ffb07c60000 - 0x00007ffb07c6a000 	C:\Program Files\Java\jdk-17\bin\jimage.dll
0x00007ffb11db0000 - 0x00007ffb11fe2000 	C:\WINDOWS\SYSTEM32\DBGHELP.DLL
0x00007ffb16090000 - 0x00007ffb1641e000 	C:\WINDOWS\System32\combase.dll
0x00007ffb164f0000 - 0x00007ffb165c7000 	C:\WINDOWS\System32\OLEAUT32.dll
0x00007ffaf8230000 - 0x00007ffaf8262000 	C:\WINDOWS\SYSTEM32\dbgcore.DLL
0x00007ffb14ea0000 - 0x00007ffb14f1b000 	C:\WINDOWS\System32\bcryptPrimitives.dll
0x00007ffaff080000 - 0x00007ffaff0a5000 	C:\Program Files\Java\jdk-17\bin\java.dll
0x00007ffadef60000 - 0x00007ffadf037000 	C:\Program Files\Java\jdk-17\bin\jsvml.dll
0x00007ffb16940000 - 0x00007ffb171a9000 	C:\WINDOWS\System32\SHELL32.dll
0x00007ffb12420000 - 0x00007ffb12d1f000 	C:\WINDOWS\SYSTEM32\windows.storage.dll
0x00007ffb122e0000 - 0x00007ffb1241f000 	C:\WINDOWS\SYSTEM32\wintypes.dll
0x00007ffb15bd0000 - 0x00007ffb15cc9000 	C:\WINDOWS\System32\SHCORE.dll
0x00007ffb167f0000 - 0x00007ffb1684e000 	C:\WINDOWS\System32\shlwapi.dll
0x00007ffb14430000 - 0x00007ffb14457000 	C:\WINDOWS\SYSTEM32\profapi.dll
0x00007ffaff060000 - 0x00007ffaff079000 	C:\Program Files\Java\jdk-17\bin\net.dll
0x00007ffb0e8e0000 - 0x00007ffb0ea16000 	C:\WINDOWS\SYSTEM32\WINHTTP.dll
0x00007ffb139a0000 - 0x00007ffb13a09000 	C:\WINDOWS\system32\mswsock.dll
0x00007ffafc1d0000 - 0x00007ffafc1e6000 	C:\Program Files\Java\jdk-17\bin\nio.dll
0x00007ffaf4000000 - 0x00007ffaf4018000 	C:\Program Files\Java\jdk-17\bin\zip.dll
0x0000000069ac0000 - 0x0000000069ae4000 	C:\Program Files\maven\apache-maven-3.9.5\lib\jansi-native\Windows\x86_64\jansi.dll
0x00007ffb07c50000 - 0x00007ffb07c60000 	C:\Program Files\Java\jdk-17\bin\verify.dll

dbghelp: loaded successfully - version: 4.0.5 - missing functions: none
symbol engine: initialized successfully - sym options: 0x614 - pdb path: .;C:\Program Files\Java\jdk-17\bin;C:\WINDOWS\SYSTEM32;C:\WINDOWS\WinSxS\amd64_microsoft.windows.common-controls_6595b64144ccf1df_6.0.22621.3672_none_2713b9d173822955;C:\Program Files\Java\jdk-17\bin\server;C:\Program Files\maven\apache-maven-3.9.5\lib\jansi-native\Windows\x86_64

VM Arguments:
jvm_args: -Dclassworlds.conf=C:\Program Files\maven\apache-maven-3.9.5\bin\m2.conf -Dmaven.home=C:\Program Files\maven\apache-maven-3.9.5 -Dlibrary.jansi.path=C:\Program Files\maven\apache-maven-3.9.5\lib\jansi-native -Dmaven.multiModuleProjectDirectory=C:\Users\chenc\Desktop\4156\project\Finalproject\teamproject 
java_command: org.codehaus.plexus.classworlds.launcher.Launcher spring-boot:run -Dspring-boot.run.arguments=setup
java_class_path (initial): C:\Program Files\maven\apache-maven-3.9.5\boot\plexus-classworlds-2.7.0.jar
Launcher Type: SUN_STANDARD

[Global flags]
     intx CICompilerCount                          = 4                                         {product} {ergonomic}
     uint ConcGCThreads                            = 2                                         {product} {ergonomic}
     uint G1ConcRefinementThreads                  = 8                                         {product} {ergonomic}
   size_t G1HeapRegionSize                         = 1048576                                   {product} {ergonomic}
    uintx GCDrainStackTargetSize                   = 64                                        {product} {ergonomic}
   size_t InitialHeapSize                          = 56623104                                  {product} {ergonomic}
   size_t MarkStackSize                            = 4194304                                   {product} {ergonomic}
   size_t MaxHeapSize                              = 903872512                                 {product} {ergonomic}
   size_t MaxNewSize                               = 542113792                                 {product} {ergonomic}
   size_t MinHeapDeltaBytes                        = 1048576                                   {product} {ergonomic}
   size_t MinHeapSize                              = 8388608                                   {product} {ergonomic}
    uintx NonNMethodCodeHeapSize                   = 5839372                                {pd product} {ergonomic}
    uintx NonProfiledCodeHeapSize                  = 122909434                              {pd product} {ergonomic}
    uintx ProfiledCodeHeapSize                     = 122909434                              {pd product} {ergonomic}
    uintx ReservedCodeCacheSize                    = 251658240                              {pd product} {ergonomic}
     bool SegmentedCodeCache                       = true                                      {product} {ergonomic}
   size_t SoftMaxHeapSize                          = 903872512                              {manageable} {ergonomic}
     bool UseCompressedClassPointers               = true                           {product lp64_product} {ergonomic}
     bool UseCompressedOops                        = true                           {product lp64_product} {ergonomic}
     bool UseG1GC                                  = true                                      {product} {ergonomic}
     bool UseLargePagesIndividualAllocation        = false                                  {pd product} {ergonomic}

Logging:
Log output configuration:
 #0: stdout all=warning uptime,level,tags
 #1: stderr all=off uptime,level,tags

Environment Variables:
JAVA_HOME=C:\Program Files\Java\jdk-17
PATH=C:\Program Files (x86)\VMware\VMware Workstation\bin\;C:\Program Files\Common Files\Oracle\Java\javapath;C:\WINDOWS\system32;C:\WINDOWS;C:\WINDOWS\System32\Wbem;C:\WINDOWS\System32\WindowsPowerShell\v1.0\;C:\WINDOWS\System32\OpenSSH\;C:\Program Files\nodejs\;C:\Program Files\Git\cmd;C:\Program Files\maven\apache-maven-3.9.5\bin;C:\Program Files (x86)\Gpg4win\..\GnuPG\bin;C:\pmd-bin-7.5.0\pmd-bin-7.5.0\bin;C:\Program Files\Go\bin;C:\bin;C:\Users\chenc\AppData\Roaming\local\bin;C:\Users\chenc\AppData\Local\Microsoft\WindowsApps;C:\Users\chenc\AppData\Local\Programs\Microsoft VS Code\bin;C:\Users\chenc\AppData\Roaming\npm;C:\msys64\ucrt64\bin;C:\Program Files\JetBrains\IntelliJ IDEA 2024.2.1\bin;;C:\pmd-bin-7.5.0\pmd-bin-7.5.0\bin;C:\Program Files\Go\bin;C:\Users\chenc\AppData\Local\Google\Cloud SDK\google-cloud-sdk\bin
USERNAME=chenc
OS=Windows_NT
PROCESSOR_IDENTIFIER=AMD64 Family 23 Model 104 Stepping 1, AuthenticAMD



---------------  S Y S T E M  ---------------

OS:
 Windows 11 , 64 bit Build 22621 (10.0.22621.3958)
OS uptime: 3 days 11:18 hours
Hyper-V role detected

CPU: total 8 (initial active 8) (8 cores per cpu, 2 threads per core) family 23 model 104 stepping 1 microcode 0x0, cx8, cmov, fxsr, ht, mmx, 3dnowpref, sse, sse2, sse3, ssse3, sse4a, sse4.1, sse4.2, popcnt, lzcnt, tsc, tscinvbit, avx, avx2, aes, clmul, bmi1, bmi2, adx, sha, fma, vzeroupper, clflush, clflushopt, hv

Memory: 4k page, system-wide physical 3446M (89M free)
TotalPageFile size 14198M (AvailPageFile size 8M)
current process WorkingSet (physical memory assigned to process): 165M, peak: 165M
current process commit charge ("private bytes"): 206M, peak: 217M

vm_info: Java HotSpot(TM) 64-Bit Server VM (17.0.12+8-LTS-286) for windows-amd64 JRE (17.0.12+8-LTS-286), built on Jun  5 2024 06:46:59 by "mach5one" with MS VC++ 17.6 (VS2022)

END.
