#
# There is insufficient memory for the Java Runtime Environment to continue.
# Native memory allocation (malloc) failed to allocate 32744 bytes for ChunkPool::allocate
# Possible reasons:
#   The system is out of physical RAM or swap space
#   The process is running with CompressedOops enabled, and the Java Heap may be blocking the growth of the native heap
# Possible solutions:
#   Reduce memory load on the system
#   Increase physical memory or swap space
#   Check if swap backing store is full
#   Decrease Java heap size (-Xmx/-Xms)
#   Decrease number of Java threads
#   Decrease Java thread stack sizes (-Xss)
#   Set larger code cache with -XX:ReservedCodeCacheSize=
#   JVM is running with Unscaled Compressed Oops mode in which the Java heap is
#     placed in the first 4GB address space. The Java Heap base address is the
#     maximum limit for the native heap growth. Please use -XX:HeapBaseMinAddress
#     to set the Java Heap base and to place the Java Heap above 4GB virtual address.
# This output file may be truncated or incomplete.
#
#  Out of Memory Error (arena.cpp:78), pid=4236, tid=22140
#
# JRE version: Java(TM) SE Runtime Environment (17.0.12+8) (build 17.0.12+8-LTS-286)
# Java VM: Java HotSpot(TM) 64-Bit Server VM (17.0.12+8-LTS-286, mixed mode, emulated-client, sharing, tiered, compressed oops, compressed class ptrs, g1 gc, windows-amd64)
# No core dump will be written. Minidumps are not enabled by default on client versions of Windows
#

---------------  S U M M A R Y ------------

Command Line: -XX:TieredStopAtLevel=1 dev.teamproject.ProjectApplication

Host: AMD Ryzen 3 5300U with Radeon Graphics         , 8 cores, 3G,  Windows 11 , 64 bit Build 22621 (10.0.22621.4391)
Time: Thu Nov 14 15:30:34 2024 Eastern Standard Time elapsed time: 7.955949 seconds (0d 0h 0m 7s)

---------------  T H R E A D  ---------------

Current thread (0x00000169dc4d4210):  JavaThread "C1 CompilerThread0" daemon [_thread_in_native, id=22140, stack(0x0000002bd2400000,0x0000002bd2500000)]


Current CompileTask:
C1:   7956 2295       1       org.springframework.asm.ClassReader::accept (1401 bytes)

Stack: [0x0000002bd2400000,0x0000002bd2500000]
Native frames: (J=compiled Java code, j=interpreted, Vv=VM code, C=native code)
V  [jvm.dll+0x67a04a]
V  [jvm.dll+0x7da4ed]
V  [jvm.dll+0x7dbe33]
V  [jvm.dll+0x7dc4a3]
V  [jvm.dll+0x24508f]
V  [jvm.dll+0xab9a4]
V  [jvm.dll+0xabd3c]
V  [jvm.dll+0xab884]
V  [jvm.dll+0x6d082c]
V  [jvm.dll+0x1fee42]
V  [jvm.dll+0x1589e0]
V  [jvm.dll+0x150d91]
V  [jvm.dll+0x151087]
V  [jvm.dll+0x150ebb]
V  [jvm.dll+0x135439]
V  [jvm.dll+0x134f4a]
V  [jvm.dll+0x135148]
V  [jvm.dll+0x1345d1]
V  [jvm.dll+0x1362bd]
V  [jvm.dll+0x22610b]
V  [jvm.dll+0x2242ab]
V  [jvm.dll+0x79075c]
V  [jvm.dll+0x78abea]
V  [jvm.dll+0x678f35]
C  [ucrtbase.dll+0x29333]
C  [KERNEL32.DLL+0x1259d]
C  [ntdll.dll+0x5af38]


---------------  P R O C E S S  ---------------

Threads class SMR info:
_java_thread_list=0x00000169e17ddda0, length=14, elements={
0x00000169cd0e0ca0, 0x00000169cd1950f0, 0x00000169cd196620, 0x00000169dc4cbcd0,
0x00000169dc4cc860, 0x00000169dc4ce550, 0x00000169dc4d0a50, 0x00000169dc4d4210,
0x00000169dc4d0f60, 0x00000169dc4d1470, 0x00000169dc4d1980, 0x00000169dc4d28b0,
0x00000169e15a3020, 0x00000169e15a3570
}

Java Threads: ( => current thread )
  0x00000169cd0e0ca0 JavaThread "main" [_thread_in_Java, id=4328, stack(0x0000002bd1700000,0x0000002bd1800000)]
  0x00000169cd1950f0 JavaThread "Reference Handler" daemon [_thread_blocked, id=18280, stack(0x0000002bd1e00000,0x0000002bd1f00000)]
  0x00000169cd196620 JavaThread "Finalizer" daemon [_thread_blocked, id=320, stack(0x0000002bd1f00000,0x0000002bd2000000)]
  0x00000169dc4cbcd0 JavaThread "Signal Dispatcher" daemon [_thread_blocked, id=21208, stack(0x0000002bd2000000,0x0000002bd2100000)]
  0x00000169dc4cc860 JavaThread "Attach Listener" daemon [_thread_blocked, id=19152, stack(0x0000002bd2100000,0x0000002bd2200000)]
  0x00000169dc4ce550 JavaThread "Service Thread" daemon [_thread_blocked, id=15500, stack(0x0000002bd2200000,0x0000002bd2300000)]
  0x00000169dc4d0a50 JavaThread "Monitor Deflation Thread" daemon [_thread_blocked, id=13860, stack(0x0000002bd2300000,0x0000002bd2400000)]
=>0x00000169dc4d4210 JavaThread "C1 CompilerThread0" daemon [_thread_in_native, id=22140, stack(0x0000002bd2400000,0x0000002bd2500000)]
  0x00000169dc4d0f60 JavaThread "Sweeper thread" daemon [_thread_blocked, id=21744, stack(0x0000002bd2500000,0x0000002bd2600000)]
  0x00000169dc4d1470 JavaThread "Notification Thread" daemon [_thread_blocked, id=13660, stack(0x0000002bd2600000,0x0000002bd2700000)]
  0x00000169dc4d1980 JavaThread "Common-Cleaner" daemon [_thread_blocked, id=22820, stack(0x0000002bd2800000,0x0000002bd2900000)]
  0x00000169dc4d28b0 JavaThread "background-preinit" [_thread_in_vm, id=6112, stack(0x0000002bd2d00000,0x0000002bd2e00000)]
  0x00000169e15a3020 JavaThread "C1 CompilerThread1" daemon [_thread_blocked, id=20756, stack(0x0000002bd3100000,0x0000002bd3200000)]
  0x00000169e15a3570 JavaThread "C1 CompilerThread2" daemon [_thread_in_native, id=21576, stack(0x0000002bd3200000,0x0000002bd3300000)]

Other Threads:
  0x00000169cd18ee30 VMThread "VM Thread" [stack: 0x0000002bd1d00000,0x0000002bd1e00000] [id=12556]
  0x00000169dc6f06a0 WatcherThread [stack: 0x0000002bd2700000,0x0000002bd2800000] [id=7144]
  0x00000169cd11a560 GCTaskThread "GC Thread#0" [stack: 0x0000002bd1800000,0x0000002bd1900000] [id=15800]
  0x00000169e12de3c0 GCTaskThread "GC Thread#1" [stack: 0x0000002bd2900000,0x0000002bd2a00000] [id=18488]
  0x00000169e1415160 GCTaskThread "GC Thread#2" [stack: 0x0000002bd2a00000,0x0000002bd2b00000] [id=21868]
  0x00000169e1415420 GCTaskThread "GC Thread#3" [stack: 0x0000002bd2b00000,0x0000002bd2c00000] [id=18224]
  0x00000169e1415af0 GCTaskThread "GC Thread#4" [stack: 0x0000002bd2c00000,0x0000002bd2d00000] [id=13272]
  0x00000169e1574850 GCTaskThread "GC Thread#5" [stack: 0x0000002bd2e00000,0x0000002bd2f00000] [id=11036]
  0x00000169e16167a0 GCTaskThread "GC Thread#6" [stack: 0x0000002bd2f00000,0x0000002bd3000000] [id=17512]
  0x00000169e1616a60 GCTaskThread "GC Thread#7" [stack: 0x0000002bd3000000,0x0000002bd3100000] [id=5012]
  0x00000169cd121f80 ConcurrentGCThread "G1 Main Marker" [stack: 0x0000002bd1900000,0x0000002bd1a00000] [id=11960]
  0x00000169cd1228a0 ConcurrentGCThread "G1 Conc#0" [stack: 0x0000002bd1a00000,0x0000002bd1b00000] [id=8012]
  0x00000169cd16e500 ConcurrentGCThread "G1 Refine#0" [stack: 0x0000002bd1b00000,0x0000002bd1c00000] [id=19728]
  0x00000169cd16ee40 ConcurrentGCThread "G1 Service" [stack: 0x0000002bd1c00000,0x0000002bd1d00000] [id=5444]

Threads with active compile tasks:
C1 CompilerThread0     7976 2295       1       org.springframework.asm.ClassReader::accept (1401 bytes)
C1 CompilerThread2     7976 2323  s!   1       sun.net.www.protocol.file.Handler::openConnection (271 bytes)

VM state: not at safepoint (normal execution)

VM Mutex/Monitor currently owned by a thread: None

Heap address: 0x00000000ca200000, size: 862 MB, Compressed Oops mode: 32-bit

CDS archive(s) mapped at: [0x0000016980000000-0x0000016980bd0000-0x0000016980bd0000), size 12386304, SharedBaseAddress: 0x0000016980000000, ArchiveRelocationMode: 1.
Compressed class space mapped at: 0x0000016981000000-0x00000169c1000000, reserved size: 1073741824
Narrow klass base: 0x0000016980000000, Narrow klass shift: 0, Narrow klass range: 0x100000000

GC Precious Log:
 CPUs: 8 total, 8 available
 Memory: 3446M
 Large Page Support: Disabled
 NUMA Support: Disabled
 Compressed Oops: Enabled (32-bit)
 Heap Region Size: 1M
 Heap Min Capacity: 8M
 Heap Initial Capacity: 54M
 Heap Max Capacity: 862M
 Pre-touch: Disabled
 Parallel Workers: 8
 Concurrent Workers: 2
 Concurrent Refinement Workers: 8
 Periodic GC: Disabled

Heap:
 garbage-first heap   total 55296K, used 12407K [0x00000000ca200000, 0x0000000100000000)
  region size 1024K, 5 young (5120K), 4 survivors (4096K)
 Metaspace       used 17805K, committed 18048K, reserved 1114112K
  class space    used 2490K, committed 2560K, reserved 1048576K

Heap Regions: E=young(eden), S=young(survivor), O=old, HS=humongous(starts), HC=humongous(continues), CS=collection set, F=free, OA=open archive, CA=closed archive, TAMS=top-at-mark-start (previous, next)
|   0|0x00000000ca200000, 0x00000000ca300000, 0x00000000ca300000|100%|HS|  |TAMS 0x00000000ca200000, 0x00000000ca200000| Complete 
|   1|0x00000000ca300000, 0x00000000ca400000, 0x00000000ca400000|100%| O|  |TAMS 0x00000000ca300000, 0x00000000ca300000| Untracked 
|   2|0x00000000ca400000, 0x00000000ca500000, 0x00000000ca500000|100%| O|  |TAMS 0x00000000ca400000, 0x00000000ca400000| Untracked 
|   3|0x00000000ca500000, 0x00000000ca600000, 0x00000000ca600000|100%| O|  |TAMS 0x00000000ca500000, 0x00000000ca500000| Untracked 
|   4|0x00000000ca600000, 0x00000000ca700000, 0x00000000ca700000|100%| O|  |TAMS 0x00000000ca600000, 0x00000000ca600000| Untracked 
|   5|0x00000000ca700000, 0x00000000ca800000, 0x00000000ca800000|100%| O|  |TAMS 0x00000000ca700000, 0x00000000ca700000| Untracked 
|   6|0x00000000ca800000, 0x00000000ca900000, 0x00000000ca900000|100%| O|  |TAMS 0x00000000ca800000, 0x00000000ca800000| Untracked 
|   7|0x00000000ca900000, 0x00000000caa00000, 0x00000000caa00000|100%| O|  |TAMS 0x00000000ca900000, 0x00000000ca900000| Untracked 
|   8|0x00000000caa00000, 0x00000000caa1de00, 0x00000000cab00000| 11%| O|  |TAMS 0x00000000caa00000, 0x00000000caa00000| Untracked 
|   9|0x00000000cab00000, 0x00000000cab00000, 0x00000000cac00000|  0%| F|  |TAMS 0x00000000cab00000, 0x00000000cab00000| Untracked 
|  10|0x00000000cac00000, 0x00000000cac00000, 0x00000000cad00000|  0%| F|  |TAMS 0x00000000cac00000, 0x00000000cac00000| Untracked 
|  11|0x00000000cad00000, 0x00000000cad00000, 0x00000000cae00000|  0%| F|  |TAMS 0x00000000cad00000, 0x00000000cad00000| Untracked 
|  12|0x00000000cae00000, 0x00000000cae00000, 0x00000000caf00000|  0%| F|  |TAMS 0x00000000cae00000, 0x00000000cae00000| Untracked 
|  13|0x00000000caf00000, 0x00000000caf00000, 0x00000000cb000000|  0%| F|  |TAMS 0x00000000caf00000, 0x00000000caf00000| Untracked 
|  14|0x00000000cb000000, 0x00000000cb000000, 0x00000000cb100000|  0%| F|  |TAMS 0x00000000cb000000, 0x00000000cb000000| Untracked 
|  15|0x00000000cb100000, 0x00000000cb100000, 0x00000000cb200000|  0%| F|  |TAMS 0x00000000cb100000, 0x00000000cb100000| Untracked 
|  16|0x00000000cb200000, 0x00000000cb200000, 0x00000000cb300000|  0%| F|  |TAMS 0x00000000cb200000, 0x00000000cb200000| Untracked 
|  17|0x00000000cb300000, 0x00000000cb300000, 0x00000000cb400000|  0%| F|  |TAMS 0x00000000cb300000, 0x00000000cb300000| Untracked 
|  18|0x00000000cb400000, 0x00000000cb400000, 0x00000000cb500000|  0%| F|  |TAMS 0x00000000cb400000, 0x00000000cb400000| Untracked 
|  19|0x00000000cb500000, 0x00000000cb500000, 0x00000000cb600000|  0%| F|  |TAMS 0x00000000cb500000, 0x00000000cb500000| Untracked 
|  20|0x00000000cb600000, 0x00000000cb600000, 0x00000000cb700000|  0%| F|  |TAMS 0x00000000cb600000, 0x00000000cb600000| Untracked 
|  21|0x00000000cb700000, 0x00000000cb700000, 0x00000000cb800000|  0%| F|  |TAMS 0x00000000cb700000, 0x00000000cb700000| Untracked 
|  22|0x00000000cb800000, 0x00000000cb800000, 0x00000000cb900000|  0%| F|  |TAMS 0x00000000cb800000, 0x00000000cb800000| Untracked 
|  23|0x00000000cb900000, 0x00000000cba00000, 0x00000000cba00000|100%| S|CS|TAMS 0x00000000cb900000, 0x00000000cb900000| Complete 
|  24|0x00000000cba00000, 0x00000000cbb00000, 0x00000000cbb00000|100%| S|CS|TAMS 0x00000000cba00000, 0x00000000cba00000| Complete 
|  25|0x00000000cbb00000, 0x00000000cbc00000, 0x00000000cbc00000|100%| S|CS|TAMS 0x00000000cbb00000, 0x00000000cbb00000| Complete 
|  26|0x00000000cbc00000, 0x00000000cbd00000, 0x00000000cbd00000|100%| S|CS|TAMS 0x00000000cbc00000, 0x00000000cbc00000| Complete 
|  27|0x00000000cbd00000, 0x00000000cbd00000, 0x00000000cbe00000|  0%| F|  |TAMS 0x00000000cbd00000, 0x00000000cbd00000| Untracked 
|  28|0x00000000cbe00000, 0x00000000cbe00000, 0x00000000cbf00000|  0%| F|  |TAMS 0x00000000cbe00000, 0x00000000cbe00000| Untracked 
|  29|0x00000000cbf00000, 0x00000000cbf00000, 0x00000000cc000000|  0%| F|  |TAMS 0x00000000cbf00000, 0x00000000cbf00000| Untracked 
|  30|0x00000000cc000000, 0x00000000cc000000, 0x00000000cc100000|  0%| F|  |TAMS 0x00000000cc000000, 0x00000000cc000000| Untracked 
|  31|0x00000000cc100000, 0x00000000cc100000, 0x00000000cc200000|  0%| F|  |TAMS 0x00000000cc100000, 0x00000000cc100000| Untracked 
|  32|0x00000000cc200000, 0x00000000cc200000, 0x00000000cc300000|  0%| F|  |TAMS 0x00000000cc200000, 0x00000000cc200000| Untracked 
|  33|0x00000000cc300000, 0x00000000cc300000, 0x00000000cc400000|  0%| F|  |TAMS 0x00000000cc300000, 0x00000000cc300000| Untracked 
|  34|0x00000000cc400000, 0x00000000cc400000, 0x00000000cc500000|  0%| F|  |TAMS 0x00000000cc400000, 0x00000000cc400000| Untracked 
|  35|0x00000000cc500000, 0x00000000cc500000, 0x00000000cc600000|  0%| F|  |TAMS 0x00000000cc500000, 0x00000000cc500000| Untracked 
|  36|0x00000000cc600000, 0x00000000cc600000, 0x00000000cc700000|  0%| F|  |TAMS 0x00000000cc600000, 0x00000000cc600000| Untracked 
|  37|0x00000000cc700000, 0x00000000cc700000, 0x00000000cc800000|  0%| F|  |TAMS 0x00000000cc700000, 0x00000000cc700000| Untracked 
|  38|0x00000000cc800000, 0x00000000cc800000, 0x00000000cc900000|  0%| F|  |TAMS 0x00000000cc800000, 0x00000000cc800000| Untracked 
|  39|0x00000000cc900000, 0x00000000cc900000, 0x00000000cca00000|  0%| F|  |TAMS 0x00000000cc900000, 0x00000000cc900000| Untracked 
|  40|0x00000000cca00000, 0x00000000cca00000, 0x00000000ccb00000|  0%| F|  |TAMS 0x00000000cca00000, 0x00000000cca00000| Untracked 
|  41|0x00000000ccb00000, 0x00000000ccb00000, 0x00000000ccc00000|  0%| F|  |TAMS 0x00000000ccb00000, 0x00000000ccb00000| Untracked 
|  42|0x00000000ccc00000, 0x00000000ccc00000, 0x00000000ccd00000|  0%| F|  |TAMS 0x00000000ccc00000, 0x00000000ccc00000| Untracked 
|  43|0x00000000ccd00000, 0x00000000ccd00000, 0x00000000cce00000|  0%| F|  |TAMS 0x00000000ccd00000, 0x00000000ccd00000| Untracked 
|  44|0x00000000cce00000, 0x00000000cce00000, 0x00000000ccf00000|  0%| F|  |TAMS 0x00000000cce00000, 0x00000000cce00000| Untracked 
|  45|0x00000000ccf00000, 0x00000000ccf00000, 0x00000000cd000000|  0%| F|  |TAMS 0x00000000ccf00000, 0x00000000ccf00000| Untracked 
|  46|0x00000000cd000000, 0x00000000cd000000, 0x00000000cd100000|  0%| F|  |TAMS 0x00000000cd000000, 0x00000000cd000000| Untracked 
|  47|0x00000000cd100000, 0x00000000cd100000, 0x00000000cd200000|  0%| F|  |TAMS 0x00000000cd100000, 0x00000000cd100000| Untracked 
|  48|0x00000000cd200000, 0x00000000cd200000, 0x00000000cd300000|  0%| F|  |TAMS 0x00000000cd200000, 0x00000000cd200000| Untracked 
|  49|0x00000000cd300000, 0x00000000cd300000, 0x00000000cd400000|  0%| F|  |TAMS 0x00000000cd300000, 0x00000000cd300000| Untracked 
|  50|0x00000000cd400000, 0x00000000cd400000, 0x00000000cd500000|  0%| F|  |TAMS 0x00000000cd400000, 0x00000000cd400000| Untracked 
|  51|0x00000000cd500000, 0x00000000cd500000, 0x00000000cd600000|  0%| F|  |TAMS 0x00000000cd500000, 0x00000000cd500000| Untracked 
|  52|0x00000000cd600000, 0x00000000cd648378, 0x00000000cd700000| 28%| E|  |TAMS 0x00000000cd600000, 0x00000000cd600000| Complete 
|  53|0x00000000cd700000, 0x00000000cd800000, 0x00000000cd800000|100%| E|CS|TAMS 0x00000000cd700000, 0x00000000cd700000| Complete 

Card table byte_map: [0x00000169d7c50000,0x00000169d7e00000] _byte_map_base: 0x00000169d75ff000

Marking Bits (Prev, Next): (CMBitMap*) 0x00000169cd11aa90, (CMBitMap*) 0x00000169cd11aad0
 Prev Bits: [0x00000169d7fb0000, 0x00000169d8d28000)
 Next Bits: [0x00000169d8d30000, 0x00000169d9aa8000)

Polling page: 0x00000169cc8a0000

Metaspace:

Usage:
  Non-class:     14.97 MB used.
      Class:      2.43 MB used.
       Both:     17.41 MB used.

Virtual space:
  Non-class space:       64.00 MB reserved,      15.12 MB ( 24%) committed,  1 nodes.
      Class space:        1.00 GB reserved,       2.50 MB ( <1%) committed,  1 nodes.
             Both:        1.06 GB reserved,      17.62 MB (  2%) committed. 

Chunk freelists:
   Non-Class:  15.92 MB
       Class:  13.44 MB
        Both:  29.36 MB

MaxMetaspaceSize: unlimited
CompressedClassSpaceSize: 1.00 GB
Initial GC threshold: 21.00 MB
Current GC threshold: 21.00 MB
CDS: on
MetaspaceReclaimPolicy: balanced
 - commit_granule_bytes: 65536.
 - commit_granule_words: 8192.
 - virtual_space_node_default_size: 8388608.
 - enlarge_chunks_in_place: 1.
 - new_chunks_are_fully_committed: 0.
 - uncommit_free_chunks: 1.
 - use_allocation_guard: 0.
 - handle_deallocations: 1.


Internal statistics:

num_allocs_failed_limit: 0.
num_arena_births: 208.
num_arena_deaths: 0.
num_vsnodes_births: 2.
num_vsnodes_deaths: 0.
num_space_committed: 282.
num_space_uncommitted: 0.
num_chunks_returned_to_freelist: 0.
num_chunks_taken_from_freelist: 846.
num_chunk_merges: 0.
num_chunk_splits: 589.
num_chunks_enlarged: 474.
num_inconsistent_stats: 0.

CodeCache: size=49152Kb used=5789Kb max_used=5789Kb free=43363Kb
 bounds [0x00000169d4990000, 0x00000169d4f40000, 0x00000169d7990000]
 total_blobs=2817 nmethods=2331 adapters=411
 compilation: enabled
              stopped_count=0, restarted_count=0
 full_count=0

Compilation events (20 events):
Event: 7.935 Thread 0x00000169e15a3570 nmethod 2296 0x00000169d4f29090 code [0x00000169d4f29240, 0x00000169d4f29388]
Event: 7.935 Thread 0x00000169e15a3570 2299       1       org.springframework.core.annotation.TypeMappedAnnotation::adaptForAttribute (253 bytes)
Event: 7.936 Thread 0x00000169e15a3020 nmethod 2298 0x00000169d4f29410 code [0x00000169d4f29720, 0x00000169d4f2a628]
Event: 7.936 Thread 0x00000169e15a3020 2301       1       org.springframework.core.annotation.AbstractMergedAnnotation::isMetaPresent (20 bytes)
Event: 7.936 Thread 0x00000169e15a3570 nmethod 2299 0x00000169d4f2ae10 code [0x00000169d4f2b120, 0x00000169d4f2bcf8]
Event: 7.936 Thread 0x00000169e15a3570 2297       1       org.springframework.core.annotation.TypeMappedAnnotation::getValue (41 bytes)
Event: 7.936 Thread 0x00000169e15a3020 nmethod 2301 0x00000169d4f2c310 code [0x00000169d4f2c4c0, 0x00000169d4f2c5f8]
Event: 7.936 Thread 0x00000169e15a3020 2300       1       org.springframework.core.annotation.TypeMappedAnnotation::getAdaptType (48 bytes)
Event: 7.937 Thread 0x00000169e15a3570 nmethod 2297 0x00000169d4f2c690 code [0x00000169d4f2c840, 0x00000169d4f2c9e8]
Event: 7.937 Thread 0x00000169e15a3570 2302       1       org.springframework.core.type.AnnotationMetadata$$Lambda$305/0x0000016981204c38::test (10 bytes)
Event: 7.937 Thread 0x00000169e15a3570 nmethod 2302 0x00000169d4f2cb90 code [0x00000169d4f2cd40, 0x00000169d4f2cf18]
Event: 7.937 Thread 0x00000169e15a3020 nmethod 2300 0x00000169d4f2d010 code [0x00000169d4f2d1e0, 0x00000169d4f2d468]
Event: 7.940 Thread 0x00000169e15a3020 2303       1       org.springframework.core.type.classreading.SimpleMethodMetadataReadingVisitor$$Lambda$292/0x00000169811c43e8::accept (14 bytes)
Event: 7.941 Thread 0x00000169e15a3020 nmethod 2303 0x00000169d4f2d590 code [0x00000169d4f2d720, 0x00000169d4f2d868]
Event: 7.941 Thread 0x00000169e15a3020 2304       1       java.util.LinkedHashMap::keysToArray (38 bytes)
Event: 7.942 Thread 0x00000169e15a3020 nmethod 2304 0x00000169d4f2d910 code [0x00000169d4f2daa0, 0x00000169d4f2dc98]
Event: 7.945 Thread 0x00000169e15a3020 2305       1       org.springframework.core.annotation.MergedAnnotationsCollection::spliterator (10 bytes)
Event: 7.945 Thread 0x00000169e15a3570 2306       1       org.springframework.core.annotation.MergedAnnotationsCollection$AnnotationsSpliterator::<init> (26 bytes)
Event: 7.945 Thread 0x00000169e15a3570 nmethod 2306 0x00000169d4f2de10 code [0x00000169d4f2dfa0, 0x00000169d4f2e238]
Event: 7.945 Thread 0x00000169e15a3020 nmethod 2305 0x00000169d4f2e310 code [0x00000169d4f2e4c0, 0x00000169d4f2e7b8]

GC Heap History (7 events):
Event: 1.938 GC heap before
{Heap before GC invocations=0 (full 0):
 garbage-first heap   total 55296K, used 23552K [0x00000000ca200000, 0x0000000100000000)
  region size 1024K, 23 young (23552K), 0 survivors (0K)
 Metaspace       used 5463K, committed 5632K, reserved 1114112K
  class space    used 751K, committed 832K, reserved 1048576K
}
Event: 1.949 GC heap after
{Heap after GC invocations=1 (full 0):
 garbage-first heap   total 55296K, used 7043K [0x00000000ca200000, 0x0000000100000000)
  region size 1024K, 3 young (3072K), 3 survivors (3072K)
 Metaspace       used 5463K, committed 5632K, reserved 1114112K
  class space    used 751K, committed 832K, reserved 1048576K
}
Event: 2.717 GC heap before
{Heap before GC invocations=1 (full 0):
 garbage-first heap   total 55296K, used 26499K [0x00000000ca200000, 0x0000000100000000)
  region size 1024K, 23 young (23552K), 3 survivors (3072K)
 Metaspace       used 9723K, committed 9984K, reserved 1114112K
  class space    used 1401K, committed 1536K, reserved 1048576K
}
Event: 2.722 GC heap after
{Heap after GC invocations=2 (full 0):
 garbage-first heap   total 55296K, used 8579K [0x00000000ca200000, 0x0000000100000000)
  region size 1024K, 2 young (2048K), 2 survivors (2048K)
 Metaspace       used 9723K, committed 9984K, reserved 1114112K
  class space    used 1401K, committed 1536K, reserved 1048576K
}
Event: 7.483 GC heap before
{Heap before GC invocations=2 (full 0):
 garbage-first heap   total 55296K, used 29059K [0x00000000ca200000, 0x0000000100000000)
  region size 1024K, 23 young (23552K), 2 survivors (2048K)
 Metaspace       used 13775K, committed 14080K, reserved 1114112K
  class space    used 1964K, committed 2112K, reserved 1048576K
}
Event: 7.488 GC heap after
{Heap after GC invocations=3 (full 0):
 garbage-first heap   total 55296K, used 9776K [0x00000000ca200000, 0x0000000100000000)
  region size 1024K, 3 young (3072K), 3 survivors (3072K)
 Metaspace       used 13775K, committed 14080K, reserved 1114112K
  class space    used 1964K, committed 2112K, reserved 1048576K
}
Event: 7.946 GC heap before
{Heap before GC invocations=3 (full 0):
 garbage-first heap   total 55296K, used 33328K [0x00000000ca200000, 0x0000000100000000)
  region size 1024K, 27 young (27648K), 3 survivors (3072K)
 Metaspace       used 17670K, committed 17920K, reserved 1114112K
  class space    used 2471K, committed 2560K, reserved 1048576K
}

Deoptimization events (0 events):
No events

Classes unloaded (0 events):
No events

Classes redefined (0 events):
No events

Internal exceptions (20 events):
Event: 2.154 Thread 0x00000169cd0e0ca0 Exception <a 'java/lang/NoSuchMethodError'{0x00000000cd324788}: 'java.lang.Object java.lang.invoke.DirectMethodHandle$Holder.invokeVirtual(java.lang.Object, java.lang.Object, java.lang.Object)'> (0x00000000cd324788) 
thrown [s\open\src\hotspot\share\interpreter\linkResolver.cpp, line 759]
Event: 2.166 Thread 0x00000169cd0e0ca0 Exception <a 'java/lang/NoSuchMethodError'{0x00000000cd346620}: 'java.lang.Object java.lang.invoke.DirectMethodHandle$Holder.invokeStatic(java.lang.Object, java.lang.Object, long, java.lang.Object)'> (0x00000000cd346620) 
thrown [s\open\src\hotspot\share\interpreter\linkResolver.cpp, line 759]
Event: 2.166 Thread 0x00000169cd0e0ca0 Exception <a 'java/lang/NoSuchMethodError'{0x00000000cd34a0b8}: 'java.lang.Object java.lang.invoke.DirectMethodHandle$Holder.invokeStaticInit(java.lang.Object, java.lang.Object, long, java.lang.Object)'> (0x00000000cd34a0b8) 
thrown [s\open\src\hotspot\share\interpreter\linkResolver.cpp, line 759]
Event: 2.167 Thread 0x00000169cd0e0ca0 Exception <a 'java/lang/NoSuchMethodError'{0x00000000cd350838}: 'java.lang.Object java.lang.invoke.DirectMethodHandle$Holder.newInvokeSpecial(java.lang.Object, java.lang.Object, long)'> (0x00000000cd350838) 
thrown [s\open\src\hotspot\share\interpreter\linkResolver.cpp, line 759]
Event: 2.167 Thread 0x00000169cd0e0ca0 Exception <a 'java/lang/NoSuchMethodError'{0x00000000cd3543a8}: 'java.lang.Object java.lang.invoke.Invokers$Holder.linkToTargetMethod(java.lang.Object, long, java.lang.Object)'> (0x00000000cd3543a8) 
thrown [s\open\src\hotspot\share\interpreter\linkResolver.cpp, line 759]
Event: 2.187 Thread 0x00000169cd0e0ca0 Exception <a 'java/lang/NoSuchMethodError'{0x00000000cd3a6260}: 'void java.lang.invoke.DirectMethodHandle$Holder.invokeSpecial(java.lang.Object, java.lang.Object, java.lang.Object, java.lang.Object, java.lang.Object)'> (0x00000000cd3a6260) 
thrown [s\open\src\hotspot\share\interpreter\linkResolver.cpp, line 759]
Event: 2.188 Thread 0x00000169cd0e0ca0 Exception <a 'java/lang/NoSuchMethodError'{0x00000000cd3ae878}: 'void java.lang.invoke.DirectMethodHandle$Holder.invokeVirtual(java.lang.Object, java.lang.Object, java.lang.Object, java.lang.Object)'> (0x00000000cd3ae878) 
thrown [s\open\src\hotspot\share\interpreter\linkResolver.cpp, line 759]
Event: 2.232 Thread 0x00000169cd0e0ca0 Exception <a 'java/lang/NoSuchMethodError'{0x00000000cd10a4f0}: 'void java.lang.invoke.DirectMethodHandle$Holder.invokeSpecial(java.lang.Object, java.lang.Object, java.lang.Object)'> (0x00000000cd10a4f0) 
thrown [s\open\src\hotspot\share\interpreter\linkResolver.cpp, line 759]
Event: 2.276 Thread 0x00000169cd0e0ca0 Exception <a 'java/lang/IncompatibleClassChangeError'{0x00000000cd022090}: Found class java.lang.Object, but interface was expected> (0x00000000cd022090) 
thrown [s\open\src\hotspot\share\interpreter\linkResolver.cpp, line 826]
Event: 2.564 Thread 0x00000169cd0e0ca0 Exception <a 'java/lang/NoSuchMethodError'{0x00000000cc9e9af8}: 'java.lang.Object java.lang.invoke.DirectMethodHandle$Holder.invokeStatic(java.lang.Object, int, java.lang.Object)'> (0x00000000cc9e9af8) 
thrown [s\open\src\hotspot\share\interpreter\linkResolver.cpp, line 759]
Event: 4.032 Thread 0x00000169cd0e0ca0 Exception <a 'sun/nio/fs/WindowsException'{0x00000000cd1c54b8}> (0x00000000cd1c54b8) 
thrown [s\open\src\hotspot\share\prims\jni.cpp, line 516]
Event: 4.062 Thread 0x00000169cd0e0ca0 Exception <a 'java/lang/NoSuchMethodError'{0x00000000cd1c6e10}: 'int java.lang.invoke.DirectMethodHandle$Holder.invokeSpecial(java.lang.Object, java.lang.Object, java.lang.Object, java.lang.Object, java.lang.Object)'> (0x00000000cd1c6e10) 
thrown [s\open\src\hotspot\share\interpreter\linkResolver.cpp, line 759]
Event: 4.148 Thread 0x00000169cd0e0ca0 Exception <a 'java/lang/NoSuchMethodError'{0x00000000cd1cfbe8}: 'void java.lang.invoke.DirectMethodHandle$Holder.invokeVirtual(java.lang.Object, java.lang.Object)'> (0x00000000cd1cfbe8) 
thrown [s\open\src\hotspot\share\interpreter\linkResolver.cpp, line 759]
Event: 7.750 Thread 0x00000169cd0e0ca0 Exception <a 'java/lang/IncompatibleClassChangeError'{0x00000000ccbedeb8}: Found class java.lang.Object, but interface was expected> (0x00000000ccbedeb8) 
thrown [s\open\src\hotspot\share\interpreter\linkResolver.cpp, line 826]
Event: 7.882 Thread 0x00000169dc4d28b0 Exception <a 'java/lang/NoSuchMethodError'{0x00000000cc31b2c0}: 'long java.lang.invoke.DirectMethodHandle$Holder.invokeSpecial(java.lang.Object, java.lang.Object)'> (0x00000000cc31b2c0) 
thrown [s\open\src\hotspot\share\interpreter\linkResolver.cpp, line 759]
Event: 7.883 Thread 0x00000169dc4d28b0 Exception <a 'java/lang/NoSuchMethodError'{0x00000000cc326190}: 'long java.lang.invoke.DirectMethodHandle$Holder.invokeStatic(java.lang.Object, java.lang.Object)'> (0x00000000cc326190) 
thrown [s\open\src\hotspot\share\interpreter\linkResolver.cpp, line 759]
Event: 7.884 Thread 0x00000169dc4d28b0 Exception <a 'java/lang/NoSuchMethodError'{0x00000000cc329790}: 'long java.lang.invoke.DirectMethodHandle$Holder.invokeStaticInit(java.lang.Object, java.lang.Object)'> (0x00000000cc329790) 
thrown [s\open\src\hotspot\share\interpreter\linkResolver.cpp, line 759]
Event: 7.885 Thread 0x00000169dc4d28b0 Exception <a 'java/lang/NoSuchMethodError'{0x00000000cc337338}: 'long java.lang.invoke.DirectMethodHandle$Holder.invokeInterface(java.lang.Object, java.lang.Object)'> (0x00000000cc337338) 
thrown [s\open\src\hotspot\share\interpreter\linkResolver.cpp, line 759]
Event: 7.886 Thread 0x00000169dc4d28b0 Exception <a 'java/lang/IncompatibleClassChangeError'{0x00000000cc391528}: Found class java.lang.Object, but interface was expected> (0x00000000cc391528) 
thrown [s\open\src\hotspot\share\interpreter\linkResolver.cpp, line 826]
Event: 7.903 Thread 0x00000169dc4d28b0 Exception <a 'java/lang/NoSuchMethodError'{0x00000000cc260f20}: 'java.lang.Object java.lang.invoke.DirectMethodHandle$Holder.invokeVirtual(java.lang.Object, java.lang.Object, java.lang.Object, java.lang.Object)'> (0x00000000cc260f20) 
thrown [s\open\src\hotspot\share\interpreter\linkResolver.cpp, line 759]

VM Operations (20 events):
Event: 2.002 Executing VM operation: HandshakeAllThreads done
Event: 2.229 Executing VM operation: HandshakeAllThreads
Event: 2.229 Executing VM operation: HandshakeAllThreads done
Event: 2.716 Executing VM operation: G1CollectForAllocation
Event: 2.722 Executing VM operation: G1CollectForAllocation done
Event: 2.991 Executing VM operation: HandshakeAllThreads
Event: 2.991 Executing VM operation: HandshakeAllThreads done
Event: 3.667 Executing VM operation: HandshakeAllThreads
Event: 3.667 Executing VM operation: HandshakeAllThreads done
Event: 4.680 Executing VM operation: Cleanup
Event: 4.680 Executing VM operation: Cleanup done
Event: 5.693 Executing VM operation: Cleanup
Event: 5.694 Executing VM operation: Cleanup done
Event: 6.707 Executing VM operation: Cleanup
Event: 6.707 Executing VM operation: Cleanup done
Event: 7.472 Executing VM operation: HandshakeAllThreads
Event: 7.472 Executing VM operation: HandshakeAllThreads done
Event: 7.483 Executing VM operation: G1CollectForAllocation
Event: 7.489 Executing VM operation: G1CollectForAllocation done
Event: 7.946 Executing VM operation: G1CollectForAllocation

Events (20 events):
Event: 7.930 loading class java/util/ServiceLoader$ProviderSpliterator
Event: 7.931 loading class java/util/ServiceLoader$ProviderSpliterator done
Event: 7.931 loading class java/util/ResourceBundle$CacheKey
Event: 7.932 loading class java/util/ResourceBundle$CacheKey done
Event: 7.932 loading class java/util/ResourceBundle$KeyElementReference
Event: 7.932 loading class java/util/ResourceBundle$CacheKeyReference
Event: 7.932 loading class java/util/ResourceBundle$CacheKeyReference done
Event: 7.932 loading class java/util/ResourceBundle$KeyElementReference done
Event: 7.933 loading class java/util/ResourceBundle$Control$2
Event: 7.933 loading class java/util/ResourceBundle$Control$2 done
Event: 7.933 loading class java/util/PropertyResourceBundle
Event: 7.933 loading class java/util/PropertyResourceBundle done
Event: 7.933 loading class sun/util/PropertyResourceBundleCharset
Event: 7.934 loading class sun/util/PropertyResourceBundleCharset done
Event: 7.934 loading class sun/util/PropertyResourceBundleCharset$PropertiesFileDecoder
Event: 7.934 loading class sun/util/PropertyResourceBundleCharset$PropertiesFileDecoder done
Event: 7.934 loading class java/util/ResourceBundle$BundleReference
Event: 7.934 loading class java/util/ResourceBundle$BundleReference done
Event: 7.945 loading class javax/management/MBeanRegistration
Event: 7.946 loading class javax/management/MBeanRegistration done


Dynamic libraries:
0x00007ff709840000 - 0x00007ff709850000 	C:\Program Files\Java\jdk-17\bin\java.exe
0x00007ffcb7a10000 - 0x00007ffcb7c27000 	C:\WINDOWS\SYSTEM32\ntdll.dll
0x00007ffcb6790000 - 0x00007ffcb6854000 	C:\WINDOWS\System32\KERNEL32.DLL
0x00007ffcb5110000 - 0x00007ffcb54c9000 	C:\WINDOWS\System32\KERNELBASE.dll
0x00007ffcb54d0000 - 0x00007ffcb55e1000 	C:\WINDOWS\System32\ucrtbase.dll
0x00007ffc888d0000 - 0x00007ffc888e9000 	C:\Program Files\Java\jdk-17\bin\jli.dll
0x00007ffcb6490000 - 0x00007ffcb6542000 	C:\WINDOWS\System32\ADVAPI32.dll
0x00007ffcb7180000 - 0x00007ffcb7227000 	C:\WINDOWS\System32\msvcrt.dll
0x00007ffcb7400000 - 0x00007ffcb74a7000 	C:\WINDOWS\System32\sechost.dll
0x00007ffcb5700000 - 0x00007ffcb5728000 	C:\WINDOWS\System32\bcrypt.dll
0x00007ffcb5b60000 - 0x00007ffcb5c74000 	C:\WINDOWS\System32\RPCRT4.dll
0x00007ffcb62e0000 - 0x00007ffcb648e000 	C:\WINDOWS\System32\USER32.dll
0x00007ffcb4f70000 - 0x00007ffcb4f96000 	C:\WINDOWS\System32\win32u.dll
0x00007ffca5150000 - 0x00007ffca53e2000 	C:\WINDOWS\WinSxS\amd64_microsoft.windows.common-controls_6595b64144ccf1df_6.0.22621.4391_none_2715d37f73803e96\COMCTL32.dll
0x00007ffcb5b20000 - 0x00007ffcb5b49000 	C:\WINDOWS\System32\GDI32.dll
0x00007ffcb4e50000 - 0x00007ffcb4f6b000 	C:\WINDOWS\System32\gdi32full.dll
0x00007ffcb5660000 - 0x00007ffcb56fa000 	C:\WINDOWS\System32\msvcp_win.dll
0x00007ffca7e40000 - 0x00007ffca7e4a000 	C:\WINDOWS\SYSTEM32\VERSION.dll
0x00007ffc888b0000 - 0x00007ffc888cb000 	C:\Program Files\Java\jdk-17\bin\VCRUNTIME140.dll
0x00007ffcb6750000 - 0x00007ffcb6781000 	C:\WINDOWS\System32\IMM32.DLL
0x00007ffc9aa40000 - 0x00007ffc9aa4c000 	C:\Program Files\Java\jdk-17\bin\vcruntime140_1.dll
0x00007ffc516c0000 - 0x00007ffc5174e000 	C:\Program Files\Java\jdk-17\bin\msvcp140.dll
0x00007ffc25df0000 - 0x00007ffc269d0000 	C:\Program Files\Java\jdk-17\bin\server\jvm.dll
0x00007ffcb6860000 - 0x00007ffcb6868000 	C:\WINDOWS\System32\PSAPI.DLL
0x00007ffc97150000 - 0x00007ffc97159000 	C:\WINDOWS\SYSTEM32\WSOCK32.dll
0x00007ffcb5c80000 - 0x00007ffcb5cf1000 	C:\WINDOWS\System32\WS2_32.dll
0x00007ffcaf740000 - 0x00007ffcaf774000 	C:\WINDOWS\SYSTEM32\WINMM.dll
0x00007ffcb3d20000 - 0x00007ffcb3d38000 	C:\WINDOWS\SYSTEM32\kernel.appcore.dll
0x00007ffc96d60000 - 0x00007ffc96d6a000 	C:\Program Files\Java\jdk-17\bin\jimage.dll
0x00007ffcb2700000 - 0x00007ffcb2932000 	C:\WINDOWS\SYSTEM32\DBGHELP.DLL
0x00007ffcb5790000 - 0x00007ffcb5b1f000 	C:\WINDOWS\System32\combase.dll
0x00007ffcb5e10000 - 0x00007ffcb5ee7000 	C:\WINDOWS\System32\OLEAUT32.dll
0x00007ffca9d60000 - 0x00007ffca9d92000 	C:\WINDOWS\SYSTEM32\dbgcore.DLL
0x00007ffcb4dd0000 - 0x00007ffcb4e4b000 	C:\WINDOWS\System32\bcryptPrimitives.dll
0x00007ffc82d30000 - 0x00007ffc82d55000 	C:\Program Files\Java\jdk-17\bin\java.dll
0x00007ffc467e0000 - 0x00007ffc468b7000 	C:\Program Files\Java\jdk-17\bin\jsvml.dll
0x00007ffcb6870000 - 0x00007ffcb70e6000 	C:\WINDOWS\System32\SHELL32.dll
0x00007ffcb2c00000 - 0x00007ffcb3503000 	C:\WINDOWS\SYSTEM32\windows.storage.dll
0x00007ffcb2ac0000 - 0x00007ffcb2bff000 	C:\WINDOWS\SYSTEM32\wintypes.dll
0x00007ffcb5d10000 - 0x00007ffcb5e09000 	C:\WINDOWS\System32\SHCORE.dll
0x00007ffcb7970000 - 0x00007ffcb79ce000 	C:\WINDOWS\System32\shlwapi.dll
0x00007ffcb4c40000 - 0x00007ffcb4c6b000 	C:\WINDOWS\SYSTEM32\profapi.dll
0x00007ffc81d30000 - 0x00007ffc81d49000 	C:\Program Files\Java\jdk-17\bin\net.dll
0x00007ffcae9f0000 - 0x00007ffcaeb26000 	C:\WINDOWS\SYSTEM32\WINHTTP.dll
0x00007ffcb41b0000 - 0x00007ffcb4219000 	C:\WINDOWS\system32\mswsock.dll
0x00007ffc80bd0000 - 0x00007ffc80be6000 	C:\Program Files\Java\jdk-17\bin\nio.dll
0x00007ffc7fc90000 - 0x00007ffc7fca8000 	C:\Program Files\Java\jdk-17\bin\zip.dll

dbghelp: loaded successfully - version: 4.0.5 - missing functions: none
symbol engine: initialized successfully - sym options: 0x614 - pdb path: (cannot be retrieved)

VM Arguments:
jvm_args: -XX:TieredStopAtLevel=1 
java_command: dev.teamproject.ProjectApplication
java_class_path (initial): C:\Users\chenc\Desktop\4156\project\Finalproject\teamproject\target\classes;C:\Users\chenc\.m2\repository\org\springframework\boot\spring-boot\3.2.2\spring-boot-3.2.2.jar;C:\Users\chenc\.m2\repository\org\springframework\boot\spring-boot-autoconfigure\3.2.2\spring-boot-autoconfigure-3.2.2.jar;C:\Users\chenc\.m2\repository\ch\qos\logback\logback-classic\1.4.14\logback-classic-1.4.14.jar;C:\Users\chenc\.m2\repository\ch\qos\logback\logback-core\1.4.14\logback-core-1.4.14.jar;C:\Users\chenc\.m2\repository\org\apache\logging\log4j\log4j-to-slf4j\2.21.1\log4j-to-slf4j-2.21.1.jar;C:\Users\chenc\.m2\repository\org\apache\logging\log4j\log4j-api\2.21.1\log4j-api-2.21.1.jar;C:\Users\chenc\.m2\repository\org\slf4j\jul-to-slf4j\2.0.11\jul-to-slf4j-2.0.11.jar;C:\Users\chenc\.m2\repository\jakarta\annotation\jakarta.annotation-api\2.1.1\jakarta.annotation-api-2.1.1.jar;C:\Users\chenc\.m2\repository\org\yaml\snakeyaml\2.2\snakeyaml-2.2.jar;C:\Users\chenc\.m2\repository\com\fasterxml\jackson\datatype\jackson-datatype-jdk8\2.15.3\jackson-datatype-jdk8-2.15.3.jar;C:\Users\chenc\.m2\repository\com\fasterxml\jackson\datatype\jackson-datatype-jsr310\2.15.3\jackson-datatype-jsr310-2.15.3.jar;C:\Users\chenc\.m2\repository\com\fasterxml\jackson\module\jackson-module-parameter-names\2.15.3\jackson-module-parameter-names-2.15.3.jar;C:\Users\chenc\.m2\repository\org\apache\tomcat\embed\tomcat-embed-core\10.1.18\tomcat-embed-core-10.1.18.jar;C:\Users\chenc\.m2\repository\org\apache\tomcat\embed\tomcat-embed-el\10.1.18\tomcat-embed-el-10.1.18.jar;C:\Users\chenc\.m2\repository\org\apache\tomcat\embed\tomcat-embed-websocket\10.1.18\tomcat-embed-websocket-10.1.18.jar;C:\Users\chenc\.m2\repository\org\springframework\spring-web\6.1.3\spring-web-6.1.3.jar;C:\Users\chenc\.m2\repository\org\springframework\spring-beans\6.1.3\spring-beans-6.1.3.jar;C:\Users\chenc\.m2\repository\io\micrometer\micrometer-observation\1.12.2\micrometer-observation-1.12.2.jar;C:\Users\chenc\.m2
Launcher Type: SUN_STANDARD

[Global flags]
     intx CICompilerCount                          = 4                                         {product} {ergonomic}
     uint ConcGCThreads                            = 2                                         {product} {ergonomic}
     uint G1ConcRefinementThreads                  = 8                                         {product} {ergonomic}
   size_t G1HeapRegionSize                         = 1048576                                   {product} {ergonomic}
    uintx GCDrainStackTargetSize                   = 64                                        {product} {ergonomic}
   size_t InitialHeapSize                          = 56623104                                  {product} {ergonomic}
   size_t MarkStackSize                            = 4194304                                   {product} {ergonomic}
   size_t MaxHeapSize                              = 903872512                                 {product} {ergonomic}
   size_t MaxNewSize                               = 542113792                                 {product} {ergonomic}
   size_t MinHeapDeltaBytes                        = 1048576                                   {product} {ergonomic}
   size_t MinHeapSize                              = 8388608                                   {product} {ergonomic}
    uintx NonProfiledCodeHeapSize                  = 0                                      {pd product} {ergonomic}
     bool ProfileInterpreter                       = false                                  {pd product} {command line}
    uintx ProfiledCodeHeapSize                     = 0                                      {pd product} {ergonomic}
   size_t SoftMaxHeapSize                          = 903872512                              {manageable} {ergonomic}
     intx TieredStopAtLevel                        = 1                                         {product} {command line}
     bool UseCompressedClassPointers               = true                           {product lp64_product} {ergonomic}
     bool UseCompressedOops                        = true                           {product lp64_product} {ergonomic}
     bool UseG1GC                                  = true                                      {product} {ergonomic}
     bool UseLargePagesIndividualAllocation        = false                                  {pd product} {ergonomic}

Logging:
Log output configuration:
 #0: stdout all=warning uptime,level,tags
 #1: stderr all=off uptime,level,tags

Environment Variables:
JAVA_HOME=C:\Program Files\Java\jdk-17
PATH=C:\Program Files (x86)\VMware\VMware Workstation\bin\;C:\Program Files\Common Files\Oracle\Java\javapath;C:\WINDOWS\system32;C:\WINDOWS;C:\WINDOWS\System32\Wbem;C:\WINDOWS\System32\WindowsPowerShell\v1.0\;C:\WINDOWS\System32\OpenSSH\;C:\Program Files\nodejs\;C:\Program Files\Git\cmd;C:\Program Files\maven\apache-maven-3.9.5\bin;C:\Program Files (x86)\Gpg4win\..\GnuPG\bin;C:\pmd-bin-7.5.0\pmd-bin-7.5.0\bin;C:\Program Files\Go\bin;C:\msys64\mingw64\bin;C:\msys64\usr\bin;C:\ghcup\Cabal-3.2.0.0;;C:\ProgramData\chocolatey\bin;C:\bin;C:\Users\chenc\AppData\Roaming\local\bin;C:\Users\chenc\AppData\Local\Microsoft\WindowsApps;C:\Users\chenc\AppData\Local\Programs\Microsoft VS Code\bin;C:\Users\chenc\AppData\Roaming\npm;C:\msys64\ucrt64\bin;C:\Program Files\JetBrains\IntelliJ IDEA 2024.2.1\bin;;C:\pmd-bin-7.5.0\pmd-bin-7.5.0\bin;C:\Program Files\Go\bin;C:\Users\chenc\AppData\Local\Google\Cloud SDK\google-cloud-sdk\bin;C:\ghcup\Cabal-3.2.0.0;C:\msys64\mingw64\bin;C:\msys64\usr\bin;;C:\Users\chenc\AppData\Roaming\cabal\bin;C:\tools\ghc-9.8.2\bin
USERNAME=chenc
OS=Windows_NT
PROCESSOR_IDENTIFIER=AMD64 Family 23 Model 104 Stepping 1, AuthenticAMD



---------------  S Y S T E M  ---------------

OS:
 Windows 11 , 64 bit Build 22621 (10.0.22621.4391)
OS uptime: 1 days 5:31 hours
Hyper-V role detected

CPU: total 8 (initial active 8) (8 cores per cpu, 2 threads per core) family 23 model 104 stepping 1 microcode 0x0, cx8, cmov, fxsr, ht, mmx, 3dnowpref, sse, sse2, sse3, ssse3, sse4a, sse4.1, sse4.2, popcnt, lzcnt, tsc, tscinvbit, avx, avx2, aes, clmul, bmi1, bmi2, adx, sha, fma, vzeroupper, clflush, clflushopt, hv

Memory: 4k page, system-wide physical 3446M (233M free)
TotalPageFile size 14198M (AvailPageFile size 0M)
current process WorkingSet (physical memory assigned to process): 105M, peak: 105M
current process commit charge ("private bytes"): 163M, peak: 163M

vm_info: Java HotSpot(TM) 64-Bit Server VM (17.0.12+8-LTS-286) for windows-amd64 JRE (17.0.12+8-LTS-286), built on Jun  5 2024 06:46:59 by "mach5one" with MS VC++ 17.6 (VS2022)

END.
